<?xml version="1.0" encoding="UTF-8"?>
  <testsuites tests="80" disabled="65" errors="0" failures="0" time="2.891906548">
      <testsuite name="conformance tests" package="/home/zeke/code/oci-distribution-spec/conformance" tests="80" disabled="0" skipped="65" errors="0" failures="0" time="2.891906548" timestamp="2025-02-17T11:01:21">
          <properties>
              <property name="SuiteSucceeded" value="true"></property>
              <property name="SuiteHasProgrammaticFocus" value="false"></property>
              <property name="SpecialSuiteFailureReason" value=""></property>
              <property name="SuiteLabels" value="[]"></property>
              <property name="RandomSeed" value="1739811681"></property>
              <property name="RandomizeAllSpecs" value="false"></property>
              <property name="LabelFilter" value=""></property>
              <property name="FocusStrings" value=""></property>
              <property name="SkipStrings" value=""></property>
              <property name="FocusFiles" value=""></property>
              <property name="SkipFiles" value=""></property>
              <property name="FailOnPending" value="false"></property>
              <property name="FailFast" value="false"></property>
              <property name="FlakeAttempts" value="0"></property>
              <property name="DryRun" value="false"></property>
              <property name="ParallelTotal" value="1"></property>
              <property name="OutputInterceptorMode" value=""></property>
          </properties>
          <testcase name="OCI Distribution Conformance Tests Pull Setup Populate registry with test blob" classname="conformance tests" status="skipped" time="0.000328798">
              <skipped message="skipped - you have skipped this test."></skipped>
              <system-err>&gt; Enter [It] Populate registry with test blob - /home/zeke/code/oci-distribution-spec/conformance/01_pull_test.go:18 @ 02/17/25 11:01:21.801&#xA;[SKIPPED] you have skipped this test.&#xA;In [It] at: /home/zeke/code/oci-distribution-spec/conformance/setup.go:585 @ 02/17/25 11:01:21.801&#xA;&lt; Exit [It] Populate registry with test blob - /home/zeke/code/oci-distribution-spec/conformance/01_pull_test.go:18 @ 02/17/25 11:01:21.801 (0s)&#xA;&gt; Enter [ReportAfterEach] TOP-LEVEL - /home/zeke/code/oci-distribution-spec/conformance/00_conformance_suite_test.go:23 @ 02/17/25 11:01:21.801&#xA;&lt; Exit [ReportAfterEach] TOP-LEVEL - /home/zeke/code/oci-distribution-spec/conformance/00_conformance_suite_test.go:23 @ 02/17/25 11:01:21.801 (0s)&#xA;</system-err>
          </testcase>
          <testcase name="OCI Distribution Conformance Tests Pull Setup Populate registry with test blob" classname="conformance tests" status="skipped" time="8.3219e-05">
              <skipped message="skipped - you have skipped this test."></skipped>
              <system-err>&gt; Enter [It] Populate registry with test blob - /home/zeke/code/oci-distribution-spec/conformance/01_pull_test.go:36 @ 02/17/25 11:01:21.801&#xA;[SKIPPED] you have skipped this test.&#xA;In [It] at: /home/zeke/code/oci-distribution-spec/conformance/setup.go:585 @ 02/17/25 11:01:21.801&#xA;&lt; Exit [It] Populate registry with test blob - /home/zeke/code/oci-distribution-spec/conformance/01_pull_test.go:36 @ 02/17/25 11:01:21.801 (0s)&#xA;&gt; Enter [ReportAfterEach] TOP-LEVEL - /home/zeke/code/oci-distribution-spec/conformance/00_conformance_suite_test.go:23 @ 02/17/25 11:01:21.801&#xA;&lt; Exit [ReportAfterEach] TOP-LEVEL - /home/zeke/code/oci-distribution-spec/conformance/00_conformance_suite_test.go:23 @ 02/17/25 11:01:21.801 (0s)&#xA;</system-err>
          </testcase>
          <testcase name="OCI Distribution Conformance Tests Pull Setup Populate registry with test layer" classname="conformance tests" status="skipped" time="0.000141109">
              <skipped message="skipped - you have skipped this test."></skipped>
              <system-err>&gt; Enter [It] Populate registry with test layer - /home/zeke/code/oci-distribution-spec/conformance/01_pull_test.go:54 @ 02/17/25 11:01:21.801&#xA;[SKIPPED] you have skipped this test.&#xA;In [It] at: /home/zeke/code/oci-distribution-spec/conformance/setup.go:585 @ 02/17/25 11:01:21.802&#xA;&lt; Exit [It] Populate registry with test layer - /home/zeke/code/oci-distribution-spec/conformance/01_pull_test.go:54 @ 02/17/25 11:01:21.802 (0s)&#xA;&gt; Enter [ReportAfterEach] TOP-LEVEL - /home/zeke/code/oci-distribution-spec/conformance/00_conformance_suite_test.go:23 @ 02/17/25 11:01:21.802&#xA;&lt; Exit [ReportAfterEach] TOP-LEVEL - /home/zeke/code/oci-distribution-spec/conformance/00_conformance_suite_test.go:23 @ 02/17/25 11:01:21.802 (0s)&#xA;</system-err>
          </testcase>
          <testcase name="OCI Distribution Conformance Tests Pull Setup Populate registry with test manifest" classname="conformance tests" status="skipped" time="0.000192577">
              <skipped message="skipped - you have skipped this test."></skipped>
              <system-err>&gt; Enter [It] Populate registry with test manifest - /home/zeke/code/oci-distribution-spec/conformance/01_pull_test.go:72 @ 02/17/25 11:01:21.802&#xA;[SKIPPED] you have skipped this test.&#xA;In [It] at: /home/zeke/code/oci-distribution-spec/conformance/setup.go:585 @ 02/17/25 11:01:21.802&#xA;&lt; Exit [It] Populate registry with test manifest - /home/zeke/code/oci-distribution-spec/conformance/01_pull_test.go:72 @ 02/17/25 11:01:21.802 (0s)&#xA;&gt; Enter [ReportAfterEach] TOP-LEVEL - /home/zeke/code/oci-distribution-spec/conformance/00_conformance_suite_test.go:23 @ 02/17/25 11:01:21.802&#xA;&lt; Exit [ReportAfterEach] TOP-LEVEL - /home/zeke/code/oci-distribution-spec/conformance/00_conformance_suite_test.go:23 @ 02/17/25 11:01:21.802 (0s)&#xA;</system-err>
          </testcase>
          <testcase name="OCI Distribution Conformance Tests Pull Setup Populate registry with test manifest" classname="conformance tests" status="skipped" time="0.000139406">
              <skipped message="skipped - you have skipped this test."></skipped>
              <system-err>&gt; Enter [It] Populate registry with test manifest - /home/zeke/code/oci-distribution-spec/conformance/01_pull_test.go:87 @ 02/17/25 11:01:21.802&#xA;[SKIPPED] you have skipped this test.&#xA;In [It] at: /home/zeke/code/oci-distribution-spec/conformance/setup.go:585 @ 02/17/25 11:01:21.802&#xA;&lt; Exit [It] Populate registry with test manifest - /home/zeke/code/oci-distribution-spec/conformance/01_pull_test.go:87 @ 02/17/25 11:01:21.802 (0s)&#xA;&gt; Enter [ReportAfterEach] TOP-LEVEL - /home/zeke/code/oci-distribution-spec/conformance/00_conformance_suite_test.go:23 @ 02/17/25 11:01:21.802&#xA;&lt; Exit [ReportAfterEach] TOP-LEVEL - /home/zeke/code/oci-distribution-spec/conformance/00_conformance_suite_test.go:23 @ 02/17/25 11:01:21.802 (0s)&#xA;</system-err>
          </testcase>
          <testcase name="OCI Distribution Conformance Tests Pull Setup Get tag name from environment" classname="conformance tests" status="passed" time="1.5289e-05">
              <system-err>&gt; Enter [It] Get tag name from environment - /home/zeke/code/oci-distribution-spec/conformance/01_pull_test.go:101 @ 02/17/25 11:01:21.802&#xA;&lt; Exit [It] Get tag name from environment - /home/zeke/code/oci-distribution-spec/conformance/01_pull_test.go:101 @ 02/17/25 11:01:21.802 (0s)&#xA;&gt; Enter [ReportAfterEach] TOP-LEVEL - /home/zeke/code/oci-distribution-spec/conformance/00_conformance_suite_test.go:23 @ 02/17/25 11:01:21.802&#xA;&lt; Exit [ReportAfterEach] TOP-LEVEL - /home/zeke/code/oci-distribution-spec/conformance/00_conformance_suite_test.go:23 @ 02/17/25 11:01:21.802 (0s)&#xA;</system-err>
          </testcase>
          <testcase name="OCI Distribution Conformance Tests Pull Pull blobs HEAD request to nonexistent blob should result in 404 response" classname="conformance tests" status="passed" time="0.364600494">
              <system-err>&gt; Enter [It] HEAD request to nonexistent blob should result in 404 response - /home/zeke/code/oci-distribution-spec/conformance/01_pull_test.go:112 @ 02/17/25 11:01:21.802&#xA;&lt; Exit [It] HEAD request to nonexistent blob should result in 404 response - /home/zeke/code/oci-distribution-spec/conformance/01_pull_test.go:112 @ 02/17/25 11:01:22.167 (365ms)&#xA;&gt; Enter [ReportAfterEach] TOP-LEVEL - /home/zeke/code/oci-distribution-spec/conformance/00_conformance_suite_test.go:23 @ 02/17/25 11:01:22.167&#xA;&lt; Exit [ReportAfterEach] TOP-LEVEL - /home/zeke/code/oci-distribution-spec/conformance/00_conformance_suite_test.go:23 @ 02/17/25 11:01:22.167 (0s)&#xA;</system-err>
          </testcase>
          <testcase name="OCI Distribution Conformance Tests Pull Pull blobs HEAD request to existing blob should yield 200" classname="conformance tests" status="passed" time="0.166679582">
              <system-err>&gt; Enter [It] HEAD request to existing blob should yield 200 - /home/zeke/code/oci-distribution-spec/conformance/01_pull_test.go:121 @ 02/17/25 11:01:22.167&#xA;&lt; Exit [It] HEAD request to existing blob should yield 200 - /home/zeke/code/oci-distribution-spec/conformance/01_pull_test.go:121 @ 02/17/25 11:01:22.333 (167ms)&#xA;&gt; Enter [ReportAfterEach] TOP-LEVEL - /home/zeke/code/oci-distribution-spec/conformance/00_conformance_suite_test.go:23 @ 02/17/25 11:01:22.333&#xA;&lt; Exit [ReportAfterEach] TOP-LEVEL - /home/zeke/code/oci-distribution-spec/conformance/00_conformance_suite_test.go:23 @ 02/17/25 11:01:22.334 (0s)&#xA;</system-err>
          </testcase>
          <testcase name="OCI Distribution Conformance Tests Pull Pull blobs GET nonexistent blob should result in 404 response" classname="conformance tests" status="passed" time="0.162219625">
              <system-err>&gt; Enter [It] GET nonexistent blob should result in 404 response - /home/zeke/code/oci-distribution-spec/conformance/01_pull_test.go:133 @ 02/17/25 11:01:22.334&#xA;&lt; Exit [It] GET nonexistent blob should result in 404 response - /home/zeke/code/oci-distribution-spec/conformance/01_pull_test.go:133 @ 02/17/25 11:01:22.496 (162ms)&#xA;&gt; Enter [ReportAfterEach] TOP-LEVEL - /home/zeke/code/oci-distribution-spec/conformance/00_conformance_suite_test.go:23 @ 02/17/25 11:01:22.496&#xA;&lt; Exit [ReportAfterEach] TOP-LEVEL - /home/zeke/code/oci-distribution-spec/conformance/00_conformance_suite_test.go:23 @ 02/17/25 11:01:22.496 (0s)&#xA;</system-err>
          </testcase>
          <testcase name="OCI Distribution Conformance Tests Pull Pull blobs GET request to existing blob URL should yield 200" classname="conformance tests" status="passed" time="0.675411249">
              <system-err>&gt; Enter [It] GET request to existing blob URL should yield 200 - /home/zeke/code/oci-distribution-spec/conformance/01_pull_test.go:142 @ 02/17/25 11:01:22.496&#xA;&lt; Exit [It] GET request to existing blob URL should yield 200 - /home/zeke/code/oci-distribution-spec/conformance/01_pull_test.go:142 @ 02/17/25 11:01:23.171 (675ms)&#xA;&gt; Enter [ReportAfterEach] TOP-LEVEL - /home/zeke/code/oci-distribution-spec/conformance/00_conformance_suite_test.go:23 @ 02/17/25 11:01:23.171&#xA;&lt; Exit [ReportAfterEach] TOP-LEVEL - /home/zeke/code/oci-distribution-spec/conformance/00_conformance_suite_test.go:23 @ 02/17/25 11:01:23.171 (0s)&#xA;</system-err>
          </testcase>
          <testcase name="OCI Distribution Conformance Tests Pull Pull manifests HEAD request to nonexistent manifest should return 404" classname="conformance tests" status="passed" time="0.158922528">
              <system-err>&gt; Enter [It] HEAD request to nonexistent manifest should return 404 - /home/zeke/code/oci-distribution-spec/conformance/01_pull_test.go:152 @ 02/17/25 11:01:23.171&#xA;&lt; Exit [It] HEAD request to nonexistent manifest should return 404 - /home/zeke/code/oci-distribution-spec/conformance/01_pull_test.go:152 @ 02/17/25 11:01:23.33 (159ms)&#xA;&gt; Enter [ReportAfterEach] TOP-LEVEL - /home/zeke/code/oci-distribution-spec/conformance/00_conformance_suite_test.go:23 @ 02/17/25 11:01:23.33&#xA;&lt; Exit [ReportAfterEach] TOP-LEVEL - /home/zeke/code/oci-distribution-spec/conformance/00_conformance_suite_test.go:23 @ 02/17/25 11:01:23.33 (0s)&#xA;</system-err>
          </testcase>
          <testcase name="OCI Distribution Conformance Tests Pull Pull manifests HEAD request to manifest[0] path (digest) should yield 200 response" classname="conformance tests" status="passed" time="0.173687126">
              <system-err>&gt; Enter [It] HEAD request to manifest[0] path (digest) should yield 200 response - /home/zeke/code/oci-distribution-spec/conformance/01_pull_test.go:161 @ 02/17/25 11:01:23.33&#xA;&lt; Exit [It] HEAD request to manifest[0] path (digest) should yield 200 response - /home/zeke/code/oci-distribution-spec/conformance/01_pull_test.go:161 @ 02/17/25 11:01:23.504 (174ms)&#xA;&gt; Enter [ReportAfterEach] TOP-LEVEL - /home/zeke/code/oci-distribution-spec/conformance/00_conformance_suite_test.go:23 @ 02/17/25 11:01:23.504&#xA;&lt; Exit [ReportAfterEach] TOP-LEVEL - /home/zeke/code/oci-distribution-spec/conformance/00_conformance_suite_test.go:23 @ 02/17/25 11:01:23.504 (0s)&#xA;</system-err>
          </testcase>
          <testcase name="OCI Distribution Conformance Tests Pull Pull manifests HEAD request to manifest[1] path (digest) should yield 200 response" classname="conformance tests" status="passed" time="0.174379936">
              <system-err>&gt; Enter [It] HEAD request to manifest[1] path (digest) should yield 200 response - /home/zeke/code/oci-distribution-spec/conformance/01_pull_test.go:173 @ 02/17/25 11:01:23.504&#xA;&lt; Exit [It] HEAD request to manifest[1] path (digest) should yield 200 response - /home/zeke/code/oci-distribution-spec/conformance/01_pull_test.go:173 @ 02/17/25 11:01:23.679 (174ms)&#xA;&gt; Enter [ReportAfterEach] TOP-LEVEL - /home/zeke/code/oci-distribution-spec/conformance/00_conformance_suite_test.go:23 @ 02/17/25 11:01:23.679&#xA;&lt; Exit [ReportAfterEach] TOP-LEVEL - /home/zeke/code/oci-distribution-spec/conformance/00_conformance_suite_test.go:23 @ 02/17/25 11:01:23.679 (0s)&#xA;</system-err>
          </testcase>
          <testcase name="OCI Distribution Conformance Tests Pull Pull manifests HEAD request to manifest path (tag) should yield 200 response" classname="conformance tests" status="passed" time="0.165892479">
              <system-err>&gt; Enter [It] HEAD request to manifest path (tag) should yield 200 response - /home/zeke/code/oci-distribution-spec/conformance/01_pull_test.go:185 @ 02/17/25 11:01:23.679&#xA;&lt; Exit [It] HEAD request to manifest path (tag) should yield 200 response - /home/zeke/code/oci-distribution-spec/conformance/01_pull_test.go:185 @ 02/17/25 11:01:23.845 (166ms)&#xA;&gt; Enter [ReportAfterEach] TOP-LEVEL - /home/zeke/code/oci-distribution-spec/conformance/00_conformance_suite_test.go:23 @ 02/17/25 11:01:23.845&#xA;&lt; Exit [ReportAfterEach] TOP-LEVEL - /home/zeke/code/oci-distribution-spec/conformance/00_conformance_suite_test.go:23 @ 02/17/25 11:01:23.845 (0s)&#xA;</system-err>
          </testcase>
          <testcase name="OCI Distribution Conformance Tests Pull Pull manifests GET nonexistent manifest should return 404" classname="conformance tests" status="passed" time="0.158377025">
              <system-err>&gt; Enter [It] GET nonexistent manifest should return 404 - /home/zeke/code/oci-distribution-spec/conformance/01_pull_test.go:198 @ 02/17/25 11:01:23.845&#xA;&lt; Exit [It] GET nonexistent manifest should return 404 - /home/zeke/code/oci-distribution-spec/conformance/01_pull_test.go:198 @ 02/17/25 11:01:24.003 (158ms)&#xA;&gt; Enter [ReportAfterEach] TOP-LEVEL - /home/zeke/code/oci-distribution-spec/conformance/00_conformance_suite_test.go:23 @ 02/17/25 11:01:24.003&#xA;&lt; Exit [ReportAfterEach] TOP-LEVEL - /home/zeke/code/oci-distribution-spec/conformance/00_conformance_suite_test.go:23 @ 02/17/25 11:01:24.003 (0s)&#xA;</system-err>
          </testcase>
          <testcase name="OCI Distribution Conformance Tests Pull Pull manifests GET request to manifest[0] path (digest) should yield 200 response" classname="conformance tests" status="passed" time="0.170018565">
              <system-err>&gt; Enter [It] GET request to manifest[0] path (digest) should yield 200 response - /home/zeke/code/oci-distribution-spec/conformance/01_pull_test.go:207 @ 02/17/25 11:01:24.003&#xA;&lt; Exit [It] GET request to manifest[0] path (digest) should yield 200 response - /home/zeke/code/oci-distribution-spec/conformance/01_pull_test.go:207 @ 02/17/25 11:01:24.173 (170ms)&#xA;&gt; Enter [ReportAfterEach] TOP-LEVEL - /home/zeke/code/oci-distribution-spec/conformance/00_conformance_suite_test.go:23 @ 02/17/25 11:01:24.173&#xA;&lt; Exit [ReportAfterEach] TOP-LEVEL - /home/zeke/code/oci-distribution-spec/conformance/00_conformance_suite_test.go:23 @ 02/17/25 11:01:24.173 (0s)&#xA;</system-err>
          </testcase>
          <testcase name="OCI Distribution Conformance Tests Pull Pull manifests GET request to manifest[1] path (digest) should yield 200 response" classname="conformance tests" status="passed" time="0.170724129">
              <system-err>&gt; Enter [It] GET request to manifest[1] path (digest) should yield 200 response - /home/zeke/code/oci-distribution-spec/conformance/01_pull_test.go:216 @ 02/17/25 11:01:24.173&#xA;&lt; Exit [It] GET request to manifest[1] path (digest) should yield 200 response - /home/zeke/code/oci-distribution-spec/conformance/01_pull_test.go:216 @ 02/17/25 11:01:24.344 (171ms)&#xA;&gt; Enter [ReportAfterEach] TOP-LEVEL - /home/zeke/code/oci-distribution-spec/conformance/00_conformance_suite_test.go:23 @ 02/17/25 11:01:24.344&#xA;&lt; Exit [ReportAfterEach] TOP-LEVEL - /home/zeke/code/oci-distribution-spec/conformance/00_conformance_suite_test.go:23 @ 02/17/25 11:01:24.344 (0s)&#xA;</system-err>
          </testcase>
          <testcase name="OCI Distribution Conformance Tests Pull Pull manifests GET request to manifest path (tag) should yield 200 response" classname="conformance tests" status="passed" time="0.169616133">
              <system-err>&gt; Enter [It] GET request to manifest path (tag) should yield 200 response - /home/zeke/code/oci-distribution-spec/conformance/01_pull_test.go:225 @ 02/17/25 11:01:24.344&#xA;&lt; Exit [It] GET request to manifest path (tag) should yield 200 response - /home/zeke/code/oci-distribution-spec/conformance/01_pull_test.go:225 @ 02/17/25 11:01:24.514 (170ms)&#xA;&gt; Enter [ReportAfterEach] TOP-LEVEL - /home/zeke/code/oci-distribution-spec/conformance/00_conformance_suite_test.go:23 @ 02/17/25 11:01:24.514&#xA;&lt; Exit [ReportAfterEach] TOP-LEVEL - /home/zeke/code/oci-distribution-spec/conformance/00_conformance_suite_test.go:23 @ 02/17/25 11:01:24.514 (0s)&#xA;</system-err>
          </testcase>
          <testcase name="OCI Distribution Conformance Tests Pull Error codes 400 response body should contain OCI-conforming JSON message" classname="conformance tests" status="passed" time="0.166143949">
              <system-err>&gt; Enter [It] 400 response body should contain OCI-conforming JSON message - /home/zeke/code/oci-distribution-spec/conformance/01_pull_test.go:237 @ 02/17/25 11:01:24.514&#xA;&lt; Exit [It] 400 response body should contain OCI-conforming JSON message - /home/zeke/code/oci-distribution-spec/conformance/01_pull_test.go:237 @ 02/17/25 11:01:24.68 (166ms)&#xA;&gt; Enter [ReportAfterEach] TOP-LEVEL - /home/zeke/code/oci-distribution-spec/conformance/00_conformance_suite_test.go:23 @ 02/17/25 11:01:24.68&#xA;&lt; Exit [ReportAfterEach] TOP-LEVEL - /home/zeke/code/oci-distribution-spec/conformance/00_conformance_suite_test.go:23 @ 02/17/25 11:01:24.68 (0s)&#xA;</system-err>
          </testcase>
          <testcase name="OCI Distribution Conformance Tests Pull Teardown Delete manifest[0] created in setup" classname="conformance tests" status="skipped" time="0.000149165">
              <skipped message="skipped - you have skipped this test."></skipped>
              <system-err>&gt; Enter [It] Delete manifest[0] created in setup - /home/zeke/code/oci-distribution-spec/conformance/01_pull_test.go:260 @ 02/17/25 11:01:24.68&#xA;[SKIPPED] you have skipped this test.&#xA;In [It] at: /home/zeke/code/oci-distribution-spec/conformance/setup.go:585 @ 02/17/25 11:01:24.68&#xA;&lt; Exit [It] Delete manifest[0] created in setup - /home/zeke/code/oci-distribution-spec/conformance/01_pull_test.go:260 @ 02/17/25 11:01:24.68 (0s)&#xA;&gt; Enter [ReportAfterEach] TOP-LEVEL - /home/zeke/code/oci-distribution-spec/conformance/00_conformance_suite_test.go:23 @ 02/17/25 11:01:24.68&#xA;&lt; Exit [ReportAfterEach] TOP-LEVEL - /home/zeke/code/oci-distribution-spec/conformance/00_conformance_suite_test.go:23 @ 02/17/25 11:01:24.68 (0s)&#xA;</system-err>
          </testcase>
          <testcase name="OCI Distribution Conformance Tests Pull Teardown Delete manifest[1] created in setup" classname="conformance tests" status="skipped" time="0.00012063">
              <skipped message="skipped - you have skipped this test."></skipped>
              <system-err>&gt; Enter [It] Delete manifest[1] created in setup - /home/zeke/code/oci-distribution-spec/conformance/01_pull_test.go:274 @ 02/17/25 11:01:24.68&#xA;[SKIPPED] you have skipped this test.&#xA;In [It] at: /home/zeke/code/oci-distribution-spec/conformance/setup.go:585 @ 02/17/25 11:01:24.68&#xA;&lt; Exit [It] Delete manifest[1] created in setup - /home/zeke/code/oci-distribution-spec/conformance/01_pull_test.go:274 @ 02/17/25 11:01:24.68 (0s)&#xA;&gt; Enter [ReportAfterEach] TOP-LEVEL - /home/zeke/code/oci-distribution-spec/conformance/00_conformance_suite_test.go:23 @ 02/17/25 11:01:24.68&#xA;&lt; Exit [ReportAfterEach] TOP-LEVEL - /home/zeke/code/oci-distribution-spec/conformance/00_conformance_suite_test.go:23 @ 02/17/25 11:01:24.68 (0s)&#xA;</system-err>
          </testcase>
          <testcase name="OCI Distribution Conformance Tests Pull Teardown Delete config[0] blob created in setup" classname="conformance tests" status="skipped" time="0.000104419">
              <skipped message="skipped - you have skipped this test."></skipped>
              <system-err>&gt; Enter [It] Delete config[0] blob created in setup - /home/zeke/code/oci-distribution-spec/conformance/01_pull_test.go:290 @ 02/17/25 11:01:24.68&#xA;[SKIPPED] you have skipped this test.&#xA;In [It] at: /home/zeke/code/oci-distribution-spec/conformance/setup.go:585 @ 02/17/25 11:01:24.68&#xA;&lt; Exit [It] Delete config[0] blob created in setup - /home/zeke/code/oci-distribution-spec/conformance/01_pull_test.go:290 @ 02/17/25 11:01:24.68 (0s)&#xA;&gt; Enter [ReportAfterEach] TOP-LEVEL - /home/zeke/code/oci-distribution-spec/conformance/00_conformance_suite_test.go:23 @ 02/17/25 11:01:24.68&#xA;&lt; Exit [ReportAfterEach] TOP-LEVEL - /home/zeke/code/oci-distribution-spec/conformance/00_conformance_suite_test.go:23 @ 02/17/25 11:01:24.68 (0s)&#xA;</system-err>
          </testcase>
          <testcase name="OCI Distribution Conformance Tests Pull Teardown Delete config[1] blob created in setup" classname="conformance tests" status="skipped" time="0.00014683">
              <skipped message="skipped - you have skipped this test."></skipped>
              <system-err>&gt; Enter [It] Delete config[1] blob created in setup - /home/zeke/code/oci-distribution-spec/conformance/01_pull_test.go:305 @ 02/17/25 11:01:24.68&#xA;[SKIPPED] you have skipped this test.&#xA;In [It] at: /home/zeke/code/oci-distribution-spec/conformance/setup.go:585 @ 02/17/25 11:01:24.681&#xA;&lt; Exit [It] Delete config[1] blob created in setup - /home/zeke/code/oci-distribution-spec/conformance/01_pull_test.go:305 @ 02/17/25 11:01:24.681 (0s)&#xA;&gt; Enter [ReportAfterEach] TOP-LEVEL - /home/zeke/code/oci-distribution-spec/conformance/00_conformance_suite_test.go:23 @ 02/17/25 11:01:24.681&#xA;&lt; Exit [ReportAfterEach] TOP-LEVEL - /home/zeke/code/oci-distribution-spec/conformance/00_conformance_suite_test.go:23 @ 02/17/25 11:01:24.681 (0s)&#xA;</system-err>
          </testcase>
          <testcase name="OCI Distribution Conformance Tests Pull Teardown Delete layer blob created in setup" classname="conformance tests" status="skipped" time="9.4981e-05">
              <skipped message="skipped - you have skipped this test."></skipped>
              <system-err>&gt; Enter [It] Delete layer blob created in setup - /home/zeke/code/oci-distribution-spec/conformance/01_pull_test.go:321 @ 02/17/25 11:01:24.681&#xA;[SKIPPED] you have skipped this test.&#xA;In [It] at: /home/zeke/code/oci-distribution-spec/conformance/setup.go:585 @ 02/17/25 11:01:24.681&#xA;&lt; Exit [It] Delete layer blob created in setup - /home/zeke/code/oci-distribution-spec/conformance/01_pull_test.go:321 @ 02/17/25 11:01:24.681 (0s)&#xA;&gt; Enter [ReportAfterEach] TOP-LEVEL - /home/zeke/code/oci-distribution-spec/conformance/00_conformance_suite_test.go:23 @ 02/17/25 11:01:24.681&#xA;&lt; Exit [ReportAfterEach] TOP-LEVEL - /home/zeke/code/oci-distribution-spec/conformance/00_conformance_suite_test.go:23 @ 02/17/25 11:01:24.681 (0s)&#xA;</system-err>
          </testcase>
          <testcase name="OCI Distribution Conformance Tests Push Blob Upload Streamed PATCH request with blob in body should yield 202 response" classname="conformance tests" status="skipped" time="0.00014136">
              <skipped message="skipped - you have skipped this test; if this is an error, check your environment variable settings:&#xA;&#x9;OCI_TEST_PULL=1&#xA;&#x9;OCI_TEST_PUSH=0&#xA;&#x9;OCI_TEST_CONTENT_DISCOVERY=0&#xA;&#x9;OCI_TEST_CONTENT_MANAGEMENT=0&#xA;"></skipped>
              <system-err>&gt; Enter [It] PATCH request with blob in body should yield 202 response - /home/zeke/code/oci-distribution-spec/conformance/02_push_test.go:25 @ 02/17/25 11:01:24.681&#xA;[SKIPPED] you have skipped this test; if this is an error, check your environment variable settings:&#xA;&#x9;OCI_TEST_PULL=1&#xA;&#x9;OCI_TEST_PUSH=0&#xA;&#x9;OCI_TEST_CONTENT_DISCOVERY=0&#xA;&#x9;OCI_TEST_CONTENT_MANAGEMENT=0&#xA;In [It] at: /home/zeke/code/oci-distribution-spec/conformance/setup.go:579 @ 02/17/25 11:01:24.681&#xA;&lt; Exit [It] PATCH request with blob in body should yield 202 response - /home/zeke/code/oci-distribution-spec/conformance/02_push_test.go:25 @ 02/17/25 11:01:24.681 (0s)&#xA;&gt; Enter [ReportAfterEach] TOP-LEVEL - /home/zeke/code/oci-distribution-spec/conformance/00_conformance_suite_test.go:23 @ 02/17/25 11:01:24.681&#xA;&lt; Exit [ReportAfterEach] TOP-LEVEL - /home/zeke/code/oci-distribution-spec/conformance/00_conformance_suite_test.go:23 @ 02/17/25 11:01:24.681 (0s)&#xA;</system-err>
          </testcase>
          <testcase name="OCI Distribution Conformance Tests Push Blob Upload Streamed PUT request to session URL with digest should yield 201 response" classname="conformance tests" status="skipped" time="0.000145087">
              <skipped message="skipped - you have skipped this test; if this is an error, check your environment variable settings:&#xA;&#x9;OCI_TEST_PULL=1&#xA;&#x9;OCI_TEST_PUSH=0&#xA;&#x9;OCI_TEST_CONTENT_DISCOVERY=0&#xA;&#x9;OCI_TEST_CONTENT_MANAGEMENT=0&#xA;"></skipped>
              <system-err>&gt; Enter [It] PUT request to session URL with digest should yield 201 response - /home/zeke/code/oci-distribution-spec/conformance/02_push_test.go:42 @ 02/17/25 11:01:24.681&#xA;[SKIPPED] you have skipped this test; if this is an error, check your environment variable settings:&#xA;&#x9;OCI_TEST_PULL=1&#xA;&#x9;OCI_TEST_PUSH=0&#xA;&#x9;OCI_TEST_CONTENT_DISCOVERY=0&#xA;&#x9;OCI_TEST_CONTENT_MANAGEMENT=0&#xA;In [It] at: /home/zeke/code/oci-distribution-spec/conformance/setup.go:579 @ 02/17/25 11:01:24.681&#xA;&lt; Exit [It] PUT request to session URL with digest should yield 201 response - /home/zeke/code/oci-distribution-spec/conformance/02_push_test.go:42 @ 02/17/25 11:01:24.681 (0s)&#xA;&gt; Enter [ReportAfterEach] TOP-LEVEL - /home/zeke/code/oci-distribution-spec/conformance/00_conformance_suite_test.go:23 @ 02/17/25 11:01:24.681&#xA;&lt; Exit [ReportAfterEach] TOP-LEVEL - /home/zeke/code/oci-distribution-spec/conformance/00_conformance_suite_test.go:23 @ 02/17/25 11:01:24.681 (0s)&#xA;</system-err>
          </testcase>
          <testcase name="OCI Distribution Conformance Tests Push Blob Upload Monolithic GET nonexistent blob should result in 404 response" classname="conformance tests" status="skipped" time="0.000102636">
              <skipped message="skipped - you have skipped this test; if this is an error, check your environment variable settings:&#xA;&#x9;OCI_TEST_PULL=1&#xA;&#x9;OCI_TEST_PUSH=0&#xA;&#x9;OCI_TEST_CONTENT_DISCOVERY=0&#xA;&#x9;OCI_TEST_CONTENT_MANAGEMENT=0&#xA;"></skipped>
              <system-err>&gt; Enter [It] GET nonexistent blob should result in 404 response - /home/zeke/code/oci-distribution-spec/conformance/02_push_test.go:58 @ 02/17/25 11:01:24.681&#xA;[SKIPPED] you have skipped this test; if this is an error, check your environment variable settings:&#xA;&#x9;OCI_TEST_PULL=1&#xA;&#x9;OCI_TEST_PUSH=0&#xA;&#x9;OCI_TEST_CONTENT_DISCOVERY=0&#xA;&#x9;OCI_TEST_CONTENT_MANAGEMENT=0&#xA;In [It] at: /home/zeke/code/oci-distribution-spec/conformance/setup.go:579 @ 02/17/25 11:01:24.681&#xA;&lt; Exit [It] GET nonexistent blob should result in 404 response - /home/zeke/code/oci-distribution-spec/conformance/02_push_test.go:58 @ 02/17/25 11:01:24.681 (0s)&#xA;&gt; Enter [ReportAfterEach] TOP-LEVEL - /home/zeke/code/oci-distribution-spec/conformance/00_conformance_suite_test.go:23 @ 02/17/25 11:01:24.681&#xA;&lt; Exit [ReportAfterEach] TOP-LEVEL - /home/zeke/code/oci-distribution-spec/conformance/00_conformance_suite_test.go:23 @ 02/17/25 11:01:24.681 (0s)&#xA;</system-err>
          </testcase>
          <testcase name="OCI Distribution Conformance Tests Push Blob Upload Monolithic POST request with digest and blob should yield a 201 or 202" classname="conformance tests" status="skipped" time="0.000129858">
              <skipped message="skipped - you have skipped this test; if this is an error, check your environment variable settings:&#xA;&#x9;OCI_TEST_PULL=1&#xA;&#x9;OCI_TEST_PUSH=0&#xA;&#x9;OCI_TEST_CONTENT_DISCOVERY=0&#xA;&#x9;OCI_TEST_CONTENT_MANAGEMENT=0&#xA;"></skipped>
              <system-err>&gt; Enter [It] POST request with digest and blob should yield a 201 or 202 - /home/zeke/code/oci-distribution-spec/conformance/02_push_test.go:67 @ 02/17/25 11:01:24.681&#xA;[SKIPPED] you have skipped this test; if this is an error, check your environment variable settings:&#xA;&#x9;OCI_TEST_PULL=1&#xA;&#x9;OCI_TEST_PUSH=0&#xA;&#x9;OCI_TEST_CONTENT_DISCOVERY=0&#xA;&#x9;OCI_TEST_CONTENT_MANAGEMENT=0&#xA;In [It] at: /home/zeke/code/oci-distribution-spec/conformance/setup.go:579 @ 02/17/25 11:01:24.681&#xA;&lt; Exit [It] POST request with digest and blob should yield a 201 or 202 - /home/zeke/code/oci-distribution-spec/conformance/02_push_test.go:67 @ 02/17/25 11:01:24.681 (0s)&#xA;&gt; Enter [ReportAfterEach] TOP-LEVEL - /home/zeke/code/oci-distribution-spec/conformance/00_conformance_suite_test.go:23 @ 02/17/25 11:01:24.681&#xA;&lt; Exit [ReportAfterEach] TOP-LEVEL - /home/zeke/code/oci-distribution-spec/conformance/00_conformance_suite_test.go:23 @ 02/17/25 11:01:24.681 (0s)&#xA;</system-err>
          </testcase>
          <testcase name="OCI Distribution Conformance Tests Push Blob Upload Monolithic GET request to blob URL from prior request should yield 200 or 404 based on response code" classname="conformance tests" status="skipped" time="8.2277e-05">
              <skipped message="skipped - you have skipped this test; if this is an error, check your environment variable settings:&#xA;&#x9;OCI_TEST_PULL=1&#xA;&#x9;OCI_TEST_PUSH=0&#xA;&#x9;OCI_TEST_CONTENT_DISCOVERY=0&#xA;&#x9;OCI_TEST_CONTENT_MANAGEMENT=0&#xA;"></skipped>
              <system-err>&gt; Enter [It] GET request to blob URL from prior request should yield 200 or 404 based on response code - /home/zeke/code/oci-distribution-spec/conformance/02_push_test.go:85 @ 02/17/25 11:01:24.682&#xA;[SKIPPED] you have skipped this test; if this is an error, check your environment variable settings:&#xA;&#x9;OCI_TEST_PULL=1&#xA;&#x9;OCI_TEST_PUSH=0&#xA;&#x9;OCI_TEST_CONTENT_DISCOVERY=0&#xA;&#x9;OCI_TEST_CONTENT_MANAGEMENT=0&#xA;In [It] at: /home/zeke/code/oci-distribution-spec/conformance/setup.go:579 @ 02/17/25 11:01:24.682&#xA;&lt; Exit [It] GET request to blob URL from prior request should yield 200 or 404 based on response code - /home/zeke/code/oci-distribution-spec/conformance/02_push_test.go:85 @ 02/17/25 11:01:24.682 (0s)&#xA;&gt; Enter [ReportAfterEach] TOP-LEVEL - /home/zeke/code/oci-distribution-spec/conformance/00_conformance_suite_test.go:23 @ 02/17/25 11:01:24.682&#xA;&lt; Exit [ReportAfterEach] TOP-LEVEL - /home/zeke/code/oci-distribution-spec/conformance/00_conformance_suite_test.go:23 @ 02/17/25 11:01:24.682 (0s)&#xA;</system-err>
          </testcase>
          <testcase name="OCI Distribution Conformance Tests Push Blob Upload Monolithic POST request should yield a session ID" classname="conformance tests" status="skipped" time="8.1215e-05">
              <skipped message="skipped - you have skipped this test; if this is an error, check your environment variable settings:&#xA;&#x9;OCI_TEST_PULL=1&#xA;&#x9;OCI_TEST_PUSH=0&#xA;&#x9;OCI_TEST_CONTENT_DISCOVERY=0&#xA;&#x9;OCI_TEST_CONTENT_MANAGEMENT=0&#xA;"></skipped>
              <system-err>&gt; Enter [It] POST request should yield a session ID - /home/zeke/code/oci-distribution-spec/conformance/02_push_test.go:98 @ 02/17/25 11:01:24.682&#xA;[SKIPPED] you have skipped this test; if this is an error, check your environment variable settings:&#xA;&#x9;OCI_TEST_PULL=1&#xA;&#x9;OCI_TEST_PUSH=0&#xA;&#x9;OCI_TEST_CONTENT_DISCOVERY=0&#xA;&#x9;OCI_TEST_CONTENT_MANAGEMENT=0&#xA;In [It] at: /home/zeke/code/oci-distribution-spec/conformance/setup.go:579 @ 02/17/25 11:01:24.682&#xA;&lt; Exit [It] POST request should yield a session ID - /home/zeke/code/oci-distribution-spec/conformance/02_push_test.go:98 @ 02/17/25 11:01:24.682 (0s)&#xA;&gt; Enter [ReportAfterEach] TOP-LEVEL - /home/zeke/code/oci-distribution-spec/conformance/00_conformance_suite_test.go:23 @ 02/17/25 11:01:24.682&#xA;&lt; Exit [ReportAfterEach] TOP-LEVEL - /home/zeke/code/oci-distribution-spec/conformance/00_conformance_suite_test.go:23 @ 02/17/25 11:01:24.682 (0s)&#xA;</system-err>
          </testcase>
          <testcase name="OCI Distribution Conformance Tests Push Blob Upload Monolithic PUT upload of a blob should yield a 201 Response" classname="conformance tests" status="skipped" time="0.000110681">
              <skipped message="skipped - you have skipped this test; if this is an error, check your environment variable settings:&#xA;&#x9;OCI_TEST_PULL=1&#xA;&#x9;OCI_TEST_PUSH=0&#xA;&#x9;OCI_TEST_CONTENT_DISCOVERY=0&#xA;&#x9;OCI_TEST_CONTENT_MANAGEMENT=0&#xA;"></skipped>
              <system-err>&gt; Enter [It] PUT upload of a blob should yield a 201 Response - /home/zeke/code/oci-distribution-spec/conformance/02_push_test.go:107 @ 02/17/25 11:01:24.682&#xA;[SKIPPED] you have skipped this test; if this is an error, check your environment variable settings:&#xA;&#x9;OCI_TEST_PULL=1&#xA;&#x9;OCI_TEST_PUSH=0&#xA;&#x9;OCI_TEST_CONTENT_DISCOVERY=0&#xA;&#x9;OCI_TEST_CONTENT_MANAGEMENT=0&#xA;In [It] at: /home/zeke/code/oci-distribution-spec/conformance/setup.go:579 @ 02/17/25 11:01:24.682&#xA;&lt; Exit [It] PUT upload of a blob should yield a 201 Response - /home/zeke/code/oci-distribution-spec/conformance/02_push_test.go:107 @ 02/17/25 11:01:24.682 (0s)&#xA;&gt; Enter [ReportAfterEach] TOP-LEVEL - /home/zeke/code/oci-distribution-spec/conformance/00_conformance_suite_test.go:23 @ 02/17/25 11:01:24.682&#xA;&lt; Exit [ReportAfterEach] TOP-LEVEL - /home/zeke/code/oci-distribution-spec/conformance/00_conformance_suite_test.go:23 @ 02/17/25 11:01:24.682 (0s)&#xA;</system-err>
          </testcase>
          <testcase name="OCI Distribution Conformance Tests Push Blob Upload Monolithic GET request to existing blob should yield 200 response" classname="conformance tests" status="skipped" time="0.000144926">
              <skipped message="skipped - you have skipped this test; if this is an error, check your environment variable settings:&#xA;&#x9;OCI_TEST_PULL=1&#xA;&#x9;OCI_TEST_PUSH=0&#xA;&#x9;OCI_TEST_CONTENT_DISCOVERY=0&#xA;&#x9;OCI_TEST_CONTENT_MANAGEMENT=0&#xA;"></skipped>
              <system-err>&gt; Enter [It] GET request to existing blob should yield 200 response - /home/zeke/code/oci-distribution-spec/conformance/02_push_test.go:121 @ 02/17/25 11:01:24.682&#xA;[SKIPPED] you have skipped this test; if this is an error, check your environment variable settings:&#xA;&#x9;OCI_TEST_PULL=1&#xA;&#x9;OCI_TEST_PUSH=0&#xA;&#x9;OCI_TEST_CONTENT_DISCOVERY=0&#xA;&#x9;OCI_TEST_CONTENT_MANAGEMENT=0&#xA;In [It] at: /home/zeke/code/oci-distribution-spec/conformance/setup.go:579 @ 02/17/25 11:01:24.682&#xA;&lt; Exit [It] GET request to existing blob should yield 200 response - /home/zeke/code/oci-distribution-spec/conformance/02_push_test.go:121 @ 02/17/25 11:01:24.682 (0s)&#xA;&gt; Enter [ReportAfterEach] TOP-LEVEL - /home/zeke/code/oci-distribution-spec/conformance/00_conformance_suite_test.go:23 @ 02/17/25 11:01:24.682&#xA;&lt; Exit [ReportAfterEach] TOP-LEVEL - /home/zeke/code/oci-distribution-spec/conformance/00_conformance_suite_test.go:23 @ 02/17/25 11:01:24.682 (0s)&#xA;</system-err>
          </testcase>
          <testcase name="OCI Distribution Conformance Tests Push Blob Upload Monolithic PUT upload of a layer blob should yield a 201 Response" classname="conformance tests" status="skipped" time="9.9399e-05">
              <skipped message="skipped - you have skipped this test; if this is an error, check your environment variable settings:&#xA;&#x9;OCI_TEST_PUSH=0&#xA;&#x9;OCI_TEST_CONTENT_DISCOVERY=0&#xA;&#x9;OCI_TEST_CONTENT_MANAGEMENT=0&#xA;&#x9;OCI_TEST_PULL=1&#xA;"></skipped>
              <system-err>&gt; Enter [It] PUT upload of a layer blob should yield a 201 Response - /home/zeke/code/oci-distribution-spec/conformance/02_push_test.go:129 @ 02/17/25 11:01:24.682&#xA;[SKIPPED] you have skipped this test; if this is an error, check your environment variable settings:&#xA;&#x9;OCI_TEST_PUSH=0&#xA;&#x9;OCI_TEST_CONTENT_DISCOVERY=0&#xA;&#x9;OCI_TEST_CONTENT_MANAGEMENT=0&#xA;&#x9;OCI_TEST_PULL=1&#xA;In [It] at: /home/zeke/code/oci-distribution-spec/conformance/setup.go:579 @ 02/17/25 11:01:24.682&#xA;&lt; Exit [It] PUT upload of a layer blob should yield a 201 Response - /home/zeke/code/oci-distribution-spec/conformance/02_push_test.go:129 @ 02/17/25 11:01:24.682 (0s)&#xA;&gt; Enter [ReportAfterEach] TOP-LEVEL - /home/zeke/code/oci-distribution-spec/conformance/00_conformance_suite_test.go:23 @ 02/17/25 11:01:24.682&#xA;&lt; Exit [ReportAfterEach] TOP-LEVEL - /home/zeke/code/oci-distribution-spec/conformance/00_conformance_suite_test.go:23 @ 02/17/25 11:01:24.682 (0s)&#xA;</system-err>
          </testcase>
          <testcase name="OCI Distribution Conformance Tests Push Blob Upload Monolithic GET request to existing layer should yield 200 response" classname="conformance tests" status="skipped" time="0.000153343">
              <skipped message="skipped - you have skipped this test; if this is an error, check your environment variable settings:&#xA;&#x9;OCI_TEST_PULL=1&#xA;&#x9;OCI_TEST_PUSH=0&#xA;&#x9;OCI_TEST_CONTENT_DISCOVERY=0&#xA;&#x9;OCI_TEST_CONTENT_MANAGEMENT=0&#xA;"></skipped>
              <system-err>&gt; Enter [It] GET request to existing layer should yield 200 response - /home/zeke/code/oci-distribution-spec/conformance/02_push_test.go:146 @ 02/17/25 11:01:24.682&#xA;[SKIPPED] you have skipped this test; if this is an error, check your environment variable settings:&#xA;&#x9;OCI_TEST_PULL=1&#xA;&#x9;OCI_TEST_PUSH=0&#xA;&#x9;OCI_TEST_CONTENT_DISCOVERY=0&#xA;&#x9;OCI_TEST_CONTENT_MANAGEMENT=0&#xA;In [It] at: /home/zeke/code/oci-distribution-spec/conformance/setup.go:579 @ 02/17/25 11:01:24.682&#xA;&lt; Exit [It] GET request to existing layer should yield 200 response - /home/zeke/code/oci-distribution-spec/conformance/02_push_test.go:146 @ 02/17/25 11:01:24.682 (0s)&#xA;&gt; Enter [ReportAfterEach] TOP-LEVEL - /home/zeke/code/oci-distribution-spec/conformance/00_conformance_suite_test.go:23 @ 02/17/25 11:01:24.682&#xA;&lt; Exit [ReportAfterEach] TOP-LEVEL - /home/zeke/code/oci-distribution-spec/conformance/00_conformance_suite_test.go:23 @ 02/17/25 11:01:24.682 (0s)&#xA;</system-err>
          </testcase>
          <testcase name="OCI Distribution Conformance Tests Push Blob Upload Chunked Out-of-order blob upload should return 416" classname="conformance tests" status="skipped" time="0.000105031">
              <skipped message="skipped - you have skipped this test; if this is an error, check your environment variable settings:&#xA;&#x9;OCI_TEST_PULL=1&#xA;&#x9;OCI_TEST_PUSH=0&#xA;&#x9;OCI_TEST_CONTENT_DISCOVERY=0&#xA;&#x9;OCI_TEST_CONTENT_MANAGEMENT=0&#xA;"></skipped>
              <system-err>&gt; Enter [It] Out-of-order blob upload should return 416 - /home/zeke/code/oci-distribution-spec/conformance/02_push_test.go:156 @ 02/17/25 11:01:24.682&#xA;[SKIPPED] you have skipped this test; if this is an error, check your environment variable settings:&#xA;&#x9;OCI_TEST_PULL=1&#xA;&#x9;OCI_TEST_PUSH=0&#xA;&#x9;OCI_TEST_CONTENT_DISCOVERY=0&#xA;&#x9;OCI_TEST_CONTENT_MANAGEMENT=0&#xA;In [It] at: /home/zeke/code/oci-distribution-spec/conformance/setup.go:579 @ 02/17/25 11:01:24.683&#xA;&lt; Exit [It] Out-of-order blob upload should return 416 - /home/zeke/code/oci-distribution-spec/conformance/02_push_test.go:156 @ 02/17/25 11:01:24.683 (0s)&#xA;&gt; Enter [ReportAfterEach] TOP-LEVEL - /home/zeke/code/oci-distribution-spec/conformance/00_conformance_suite_test.go:23 @ 02/17/25 11:01:24.683&#xA;&lt; Exit [ReportAfterEach] TOP-LEVEL - /home/zeke/code/oci-distribution-spec/conformance/00_conformance_suite_test.go:23 @ 02/17/25 11:01:24.683 (0s)&#xA;</system-err>
          </testcase>
          <testcase name="OCI Distribution Conformance Tests Push Blob Upload Chunked PATCH request with first chunk should return 202" classname="conformance tests" status="skipped" time="0.000118275">
              <skipped message="skipped - you have skipped this test; if this is an error, check your environment variable settings:&#xA;&#x9;OCI_TEST_PULL=1&#xA;&#x9;OCI_TEST_PUSH=0&#xA;&#x9;OCI_TEST_CONTENT_DISCOVERY=0&#xA;&#x9;OCI_TEST_CONTENT_MANAGEMENT=0&#xA;"></skipped>
              <system-err>&gt; Enter [It] PATCH request with first chunk should return 202 - /home/zeke/code/oci-distribution-spec/conformance/02_push_test.go:185 @ 02/17/25 11:01:24.683&#xA;[SKIPPED] you have skipped this test; if this is an error, check your environment variable settings:&#xA;&#x9;OCI_TEST_PULL=1&#xA;&#x9;OCI_TEST_PUSH=0&#xA;&#x9;OCI_TEST_CONTENT_DISCOVERY=0&#xA;&#x9;OCI_TEST_CONTENT_MANAGEMENT=0&#xA;In [It] at: /home/zeke/code/oci-distribution-spec/conformance/setup.go:579 @ 02/17/25 11:01:24.683&#xA;&lt; Exit [It] PATCH request with first chunk should return 202 - /home/zeke/code/oci-distribution-spec/conformance/02_push_test.go:185 @ 02/17/25 11:01:24.683 (0s)&#xA;&gt; Enter [ReportAfterEach] TOP-LEVEL - /home/zeke/code/oci-distribution-spec/conformance/00_conformance_suite_test.go:23 @ 02/17/25 11:01:24.683&#xA;&lt; Exit [ReportAfterEach] TOP-LEVEL - /home/zeke/code/oci-distribution-spec/conformance/00_conformance_suite_test.go:23 @ 02/17/25 11:01:24.683 (0s)&#xA;</system-err>
          </testcase>
          <testcase name="OCI Distribution Conformance Tests Push Blob Upload Chunked Retry previous blob chunk should return 416" classname="conformance tests" status="skipped" time="0.000111313">
              <skipped message="skipped - you have skipped this test; if this is an error, check your environment variable settings:&#xA;&#x9;OCI_TEST_PULL=1&#xA;&#x9;OCI_TEST_PUSH=0&#xA;&#x9;OCI_TEST_CONTENT_DISCOVERY=0&#xA;&#x9;OCI_TEST_CONTENT_MANAGEMENT=0&#xA;"></skipped>
              <system-err>&gt; Enter [It] Retry previous blob chunk should return 416 - /home/zeke/code/oci-distribution-spec/conformance/02_push_test.go:206 @ 02/17/25 11:01:24.683&#xA;[SKIPPED] you have skipped this test; if this is an error, check your environment variable settings:&#xA;&#x9;OCI_TEST_PULL=1&#xA;&#x9;OCI_TEST_PUSH=0&#xA;&#x9;OCI_TEST_CONTENT_DISCOVERY=0&#xA;&#x9;OCI_TEST_CONTENT_MANAGEMENT=0&#xA;In [It] at: /home/zeke/code/oci-distribution-spec/conformance/setup.go:579 @ 02/17/25 11:01:24.683&#xA;&lt; Exit [It] Retry previous blob chunk should return 416 - /home/zeke/code/oci-distribution-spec/conformance/02_push_test.go:206 @ 02/17/25 11:01:24.683 (0s)&#xA;&gt; Enter [ReportAfterEach] TOP-LEVEL - /home/zeke/code/oci-distribution-spec/conformance/00_conformance_suite_test.go:23 @ 02/17/25 11:01:24.683&#xA;&lt; Exit [ReportAfterEach] TOP-LEVEL - /home/zeke/code/oci-distribution-spec/conformance/00_conformance_suite_test.go:23 @ 02/17/25 11:01:24.683 (0s)&#xA;</system-err>
          </testcase>
          <testcase name="OCI Distribution Conformance Tests Push Blob Upload Chunked Get on stale blob upload should return 204 with a range and location" classname="conformance tests" status="skipped" time="0.000125549">
              <skipped message="skipped - you have skipped this test; if this is an error, check your environment variable settings:&#xA;&#x9;OCI_TEST_PULL=1&#xA;&#x9;OCI_TEST_PUSH=0&#xA;&#x9;OCI_TEST_CONTENT_DISCOVERY=0&#xA;&#x9;OCI_TEST_CONTENT_MANAGEMENT=0&#xA;"></skipped>
              <system-err>&gt; Enter [It] Get on stale blob upload should return 204 with a range and location - /home/zeke/code/oci-distribution-spec/conformance/02_push_test.go:218 @ 02/17/25 11:01:24.683&#xA;[SKIPPED] you have skipped this test; if this is an error, check your environment variable settings:&#xA;&#x9;OCI_TEST_PULL=1&#xA;&#x9;OCI_TEST_PUSH=0&#xA;&#x9;OCI_TEST_CONTENT_DISCOVERY=0&#xA;&#x9;OCI_TEST_CONTENT_MANAGEMENT=0&#xA;In [It] at: /home/zeke/code/oci-distribution-spec/conformance/setup.go:579 @ 02/17/25 11:01:24.683&#xA;&lt; Exit [It] Get on stale blob upload should return 204 with a range and location - /home/zeke/code/oci-distribution-spec/conformance/02_push_test.go:218 @ 02/17/25 11:01:24.683 (0s)&#xA;&gt; Enter [ReportAfterEach] TOP-LEVEL - /home/zeke/code/oci-distribution-spec/conformance/00_conformance_suite_test.go:23 @ 02/17/25 11:01:24.683&#xA;&lt; Exit [ReportAfterEach] TOP-LEVEL - /home/zeke/code/oci-distribution-spec/conformance/00_conformance_suite_test.go:23 @ 02/17/25 11:01:24.683 (0s)&#xA;</system-err>
          </testcase>
          <testcase name="OCI Distribution Conformance Tests Push Blob Upload Chunked PATCH request with second chunk should return 202" classname="conformance tests" status="skipped" time="0.000123105">
              <skipped message="skipped - you have skipped this test; if this is an error, check your environment variable settings:&#xA;&#x9;OCI_TEST_CONTENT_DISCOVERY=0&#xA;&#x9;OCI_TEST_CONTENT_MANAGEMENT=0&#xA;&#x9;OCI_TEST_PULL=1&#xA;&#x9;OCI_TEST_PUSH=0&#xA;"></skipped>
              <system-err>&gt; Enter [It] PATCH request with second chunk should return 202 - /home/zeke/code/oci-distribution-spec/conformance/02_push_test.go:229 @ 02/17/25 11:01:24.683&#xA;[SKIPPED] you have skipped this test; if this is an error, check your environment variable settings:&#xA;&#x9;OCI_TEST_CONTENT_DISCOVERY=0&#xA;&#x9;OCI_TEST_CONTENT_MANAGEMENT=0&#xA;&#x9;OCI_TEST_PULL=1&#xA;&#x9;OCI_TEST_PUSH=0&#xA;In [It] at: /home/zeke/code/oci-distribution-spec/conformance/setup.go:579 @ 02/17/25 11:01:24.683&#xA;&lt; Exit [It] PATCH request with second chunk should return 202 - /home/zeke/code/oci-distribution-spec/conformance/02_push_test.go:229 @ 02/17/25 11:01:24.683 (0s)&#xA;&gt; Enter [ReportAfterEach] TOP-LEVEL - /home/zeke/code/oci-distribution-spec/conformance/00_conformance_suite_test.go:23 @ 02/17/25 11:01:24.683&#xA;&lt; Exit [ReportAfterEach] TOP-LEVEL - /home/zeke/code/oci-distribution-spec/conformance/00_conformance_suite_test.go:23 @ 02/17/25 11:01:24.683 (0s)&#xA;</system-err>
          </testcase>
          <testcase name="OCI Distribution Conformance Tests Push Blob Upload Chunked PUT request with digest should return 201" classname="conformance tests" status="skipped" time="8.6485e-05">
              <skipped message="skipped - you have skipped this test; if this is an error, check your environment variable settings:&#xA;&#x9;OCI_TEST_PUSH=0&#xA;&#x9;OCI_TEST_CONTENT_DISCOVERY=0&#xA;&#x9;OCI_TEST_CONTENT_MANAGEMENT=0&#xA;&#x9;OCI_TEST_PULL=1&#xA;"></skipped>
              <system-err>&gt; Enter [It] PUT request with digest should return 201 - /home/zeke/code/oci-distribution-spec/conformance/02_push_test.go:244 @ 02/17/25 11:01:24.683&#xA;[SKIPPED] you have skipped this test; if this is an error, check your environment variable settings:&#xA;&#x9;OCI_TEST_PUSH=0&#xA;&#x9;OCI_TEST_CONTENT_DISCOVERY=0&#xA;&#x9;OCI_TEST_CONTENT_MANAGEMENT=0&#xA;&#x9;OCI_TEST_PULL=1&#xA;In [It] at: /home/zeke/code/oci-distribution-spec/conformance/setup.go:579 @ 02/17/25 11:01:24.683&#xA;&lt; Exit [It] PUT request with digest should return 201 - /home/zeke/code/oci-distribution-spec/conformance/02_push_test.go:244 @ 02/17/25 11:01:24.683 (0s)&#xA;&gt; Enter [ReportAfterEach] TOP-LEVEL - /home/zeke/code/oci-distribution-spec/conformance/00_conformance_suite_test.go:23 @ 02/17/25 11:01:24.683&#xA;&lt; Exit [ReportAfterEach] TOP-LEVEL - /home/zeke/code/oci-distribution-spec/conformance/00_conformance_suite_test.go:23 @ 02/17/25 11:01:24.683 (0s)&#xA;</system-err>
          </testcase>
          <testcase name="OCI Distribution Conformance Tests Push Cross-Repository Blob Mount Cross-mounting of a blob without the from argument should yield session id" classname="conformance tests" status="skipped" time="0.000131952">
              <skipped message="skipped - you have skipped this test; if this is an error, check your environment variable settings:&#xA;&#x9;OCI_TEST_PUSH=0&#xA;&#x9;OCI_TEST_CONTENT_DISCOVERY=0&#xA;&#x9;OCI_TEST_CONTENT_MANAGEMENT=0&#xA;&#x9;OCI_TEST_PULL=1&#xA;"></skipped>
              <system-err>&gt; Enter [It] Cross-mounting of a blob without the from argument should yield session id - /home/zeke/code/oci-distribution-spec/conformance/02_push_test.go:259 @ 02/17/25 11:01:24.683&#xA;[SKIPPED] you have skipped this test; if this is an error, check your environment variable settings:&#xA;&#x9;OCI_TEST_PUSH=0&#xA;&#x9;OCI_TEST_CONTENT_DISCOVERY=0&#xA;&#x9;OCI_TEST_CONTENT_MANAGEMENT=0&#xA;&#x9;OCI_TEST_PULL=1&#xA;In [It] at: /home/zeke/code/oci-distribution-spec/conformance/setup.go:579 @ 02/17/25 11:01:24.684&#xA;&lt; Exit [It] Cross-mounting of a blob without the from argument should yield session id - /home/zeke/code/oci-distribution-spec/conformance/02_push_test.go:259 @ 02/17/25 11:01:24.684 (0s)&#xA;&gt; Enter [ReportAfterEach] TOP-LEVEL - /home/zeke/code/oci-distribution-spec/conformance/00_conformance_suite_test.go:23 @ 02/17/25 11:01:24.684&#xA;&lt; Exit [ReportAfterEach] TOP-LEVEL - /home/zeke/code/oci-distribution-spec/conformance/00_conformance_suite_test.go:23 @ 02/17/25 11:01:24.684 (0s)&#xA;</system-err>
          </testcase>
          <testcase name="OCI Distribution Conformance Tests Push Cross-Repository Blob Mount POST request to mount another repository&#39;s blob should return 201 or 202" classname="conformance tests" status="skipped" time="0.000137442">
              <skipped message="skipped - you have skipped this test; if this is an error, check your environment variable settings:&#xA;&#x9;OCI_TEST_PULL=1&#xA;&#x9;OCI_TEST_PUSH=0&#xA;&#x9;OCI_TEST_CONTENT_DISCOVERY=0&#xA;&#x9;OCI_TEST_CONTENT_MANAGEMENT=0&#xA;"></skipped>
              <system-err>&gt; Enter [It] POST request to mount another repository&#39;s blob should return 201 or 202 - /home/zeke/code/oci-distribution-spec/conformance/02_push_test.go:270 @ 02/17/25 11:01:24.684&#xA;[SKIPPED] you have skipped this test; if this is an error, check your environment variable settings:&#xA;&#x9;OCI_TEST_PULL=1&#xA;&#x9;OCI_TEST_PUSH=0&#xA;&#x9;OCI_TEST_CONTENT_DISCOVERY=0&#xA;&#x9;OCI_TEST_CONTENT_MANAGEMENT=0&#xA;In [It] at: /home/zeke/code/oci-distribution-spec/conformance/setup.go:579 @ 02/17/25 11:01:24.684&#xA;&lt; Exit [It] POST request to mount another repository&#39;s blob should return 201 or 202 - /home/zeke/code/oci-distribution-spec/conformance/02_push_test.go:270 @ 02/17/25 11:01:24.684 (0s)&#xA;&gt; Enter [ReportAfterEach] TOP-LEVEL - /home/zeke/code/oci-distribution-spec/conformance/00_conformance_suite_test.go:23 @ 02/17/25 11:01:24.684&#xA;&lt; Exit [ReportAfterEach] TOP-LEVEL - /home/zeke/code/oci-distribution-spec/conformance/00_conformance_suite_test.go:23 @ 02/17/25 11:01:24.684 (0s)&#xA;</system-err>
          </testcase>
          <testcase name="OCI Distribution Conformance Tests Push Cross-Repository Blob Mount GET request to test digest within cross-mount namespace should return 200" classname="conformance tests" status="skipped" time="0.000119118">
              <skipped message="skipped - you have skipped this test; if this is an error, check your environment variable settings:&#xA;&#x9;OCI_TEST_CONTENT_DISCOVERY=0&#xA;&#x9;OCI_TEST_CONTENT_MANAGEMENT=0&#xA;&#x9;OCI_TEST_PULL=1&#xA;&#x9;OCI_TEST_PUSH=0&#xA;"></skipped>
              <system-err>&gt; Enter [It] GET request to test digest within cross-mount namespace should return 200 - /home/zeke/code/oci-distribution-spec/conformance/02_push_test.go:285 @ 02/17/25 11:01:24.684&#xA;[SKIPPED] you have skipped this test; if this is an error, check your environment variable settings:&#xA;&#x9;OCI_TEST_CONTENT_DISCOVERY=0&#xA;&#x9;OCI_TEST_CONTENT_MANAGEMENT=0&#xA;&#x9;OCI_TEST_PULL=1&#xA;&#x9;OCI_TEST_PUSH=0&#xA;In [It] at: /home/zeke/code/oci-distribution-spec/conformance/setup.go:579 @ 02/17/25 11:01:24.684&#xA;&lt; Exit [It] GET request to test digest within cross-mount namespace should return 200 - /home/zeke/code/oci-distribution-spec/conformance/02_push_test.go:285 @ 02/17/25 11:01:24.684 (0s)&#xA;&gt; Enter [ReportAfterEach] TOP-LEVEL - /home/zeke/code/oci-distribution-spec/conformance/00_conformance_suite_test.go:23 @ 02/17/25 11:01:24.684&#xA;&lt; Exit [ReportAfterEach] TOP-LEVEL - /home/zeke/code/oci-distribution-spec/conformance/00_conformance_suite_test.go:23 @ 02/17/25 11:01:24.684 (0s)&#xA;</system-err>
          </testcase>
          <testcase name="OCI Distribution Conformance Tests Push Cross-Repository Blob Mount Cross-mounting of nonexistent blob should yield session id" classname="conformance tests" status="skipped" time="0.000141119">
              <skipped message="skipped - you have skipped this test; if this is an error, check your environment variable settings:&#xA;&#x9;OCI_TEST_PULL=1&#xA;&#x9;OCI_TEST_PUSH=0&#xA;&#x9;OCI_TEST_CONTENT_DISCOVERY=0&#xA;&#x9;OCI_TEST_CONTENT_MANAGEMENT=0&#xA;"></skipped>
              <system-err>&gt; Enter [It] Cross-mounting of nonexistent blob should yield session id - /home/zeke/code/oci-distribution-spec/conformance/02_push_test.go:295 @ 02/17/25 11:01:24.684&#xA;[SKIPPED] you have skipped this test; if this is an error, check your environment variable settings:&#xA;&#x9;OCI_TEST_PULL=1&#xA;&#x9;OCI_TEST_PUSH=0&#xA;&#x9;OCI_TEST_CONTENT_DISCOVERY=0&#xA;&#x9;OCI_TEST_CONTENT_MANAGEMENT=0&#xA;In [It] at: /home/zeke/code/oci-distribution-spec/conformance/setup.go:579 @ 02/17/25 11:01:24.684&#xA;&lt; Exit [It] Cross-mounting of nonexistent blob should yield session id - /home/zeke/code/oci-distribution-spec/conformance/02_push_test.go:295 @ 02/17/25 11:01:24.684 (0s)&#xA;&gt; Enter [ReportAfterEach] TOP-LEVEL - /home/zeke/code/oci-distribution-spec/conformance/00_conformance_suite_test.go:23 @ 02/17/25 11:01:24.684&#xA;&lt; Exit [ReportAfterEach] TOP-LEVEL - /home/zeke/code/oci-distribution-spec/conformance/00_conformance_suite_test.go:23 @ 02/17/25 11:01:24.684 (0s)&#xA;</system-err>
          </testcase>
          <testcase name="OCI Distribution Conformance Tests Push Cross-Repository Blob Mount Cross-mounting without from, and automatic content discovery enabled should return a 201" classname="conformance tests" status="skipped" time="0.000184161">
              <skipped message="skipped - you have skipped this test; if this is an error, check your environment variable settings:&#xA;&#x9;OCI_TEST_CONTENT_MANAGEMENT=0&#xA;&#x9;OCI_TEST_PULL=1&#xA;&#x9;OCI_TEST_PUSH=0&#xA;&#x9;OCI_TEST_CONTENT_DISCOVERY=0&#xA;"></skipped>
              <system-err>&gt; Enter [It] Cross-mounting without from, and automatic content discovery enabled should return a 201 - /home/zeke/code/oci-distribution-spec/conformance/02_push_test.go:301 @ 02/17/25 11:01:24.684&#xA;[SKIPPED] you have skipped this test; if this is an error, check your environment variable settings:&#xA;&#x9;OCI_TEST_CONTENT_MANAGEMENT=0&#xA;&#x9;OCI_TEST_PULL=1&#xA;&#x9;OCI_TEST_PUSH=0&#xA;&#x9;OCI_TEST_CONTENT_DISCOVERY=0&#xA;In [It] at: /home/zeke/code/oci-distribution-spec/conformance/setup.go:579 @ 02/17/25 11:01:24.684&#xA;&lt; Exit [It] Cross-mounting without from, and automatic content discovery enabled should return a 201 - /home/zeke/code/oci-distribution-spec/conformance/02_push_test.go:301 @ 02/17/25 11:01:24.684 (0s)&#xA;&gt; Enter [ReportAfterEach] TOP-LEVEL - /home/zeke/code/oci-distribution-spec/conformance/00_conformance_suite_test.go:23 @ 02/17/25 11:01:24.684&#xA;&lt; Exit [ReportAfterEach] TOP-LEVEL - /home/zeke/code/oci-distribution-spec/conformance/00_conformance_suite_test.go:23 @ 02/17/25 11:01:24.684 (0s)&#xA;</system-err>
          </testcase>
          <testcase name="OCI Distribution Conformance Tests Push Cross-Repository Blob Mount Cross-mounting without from, and automatic content discovery disabled should return a 202" classname="conformance tests" status="skipped" time="0.000118536">
              <skipped message="skipped - you have skipped this test; if this is an error, check your environment variable settings:&#xA;&#x9;OCI_TEST_PUSH=0&#xA;&#x9;OCI_TEST_CONTENT_DISCOVERY=0&#xA;&#x9;OCI_TEST_CONTENT_MANAGEMENT=0&#xA;&#x9;OCI_TEST_PULL=1&#xA;"></skipped>
              <system-err>&gt; Enter [It] Cross-mounting without from, and automatic content discovery disabled should return a 202 - /home/zeke/code/oci-distribution-spec/conformance/02_push_test.go:314 @ 02/17/25 11:01:24.684&#xA;[SKIPPED] you have skipped this test; if this is an error, check your environment variable settings:&#xA;&#x9;OCI_TEST_PUSH=0&#xA;&#x9;OCI_TEST_CONTENT_DISCOVERY=0&#xA;&#x9;OCI_TEST_CONTENT_MANAGEMENT=0&#xA;&#x9;OCI_TEST_PULL=1&#xA;In [It] at: /home/zeke/code/oci-distribution-spec/conformance/setup.go:579 @ 02/17/25 11:01:24.684&#xA;&lt; Exit [It] Cross-mounting without from, and automatic content discovery disabled should return a 202 - /home/zeke/code/oci-distribution-spec/conformance/02_push_test.go:314 @ 02/17/25 11:01:24.685 (0s)&#xA;&gt; Enter [ReportAfterEach] TOP-LEVEL - /home/zeke/code/oci-distribution-spec/conformance/00_conformance_suite_test.go:23 @ 02/17/25 11:01:24.685&#xA;&lt; Exit [ReportAfterEach] TOP-LEVEL - /home/zeke/code/oci-distribution-spec/conformance/00_conformance_suite_test.go:23 @ 02/17/25 11:01:24.685 (0s)&#xA;</system-err>
          </testcase>
          <testcase name="OCI Distribution Conformance Tests Push Manifest Upload GET nonexistent manifest should return 404" classname="conformance tests" status="skipped" time="0.000115491">
              <skipped message="skipped - you have skipped this test; if this is an error, check your environment variable settings:&#xA;&#x9;OCI_TEST_PULL=1&#xA;&#x9;OCI_TEST_PUSH=0&#xA;&#x9;OCI_TEST_CONTENT_DISCOVERY=0&#xA;&#x9;OCI_TEST_CONTENT_MANAGEMENT=0&#xA;"></skipped>
              <system-err>&gt; Enter [It] GET nonexistent manifest should return 404 - /home/zeke/code/oci-distribution-spec/conformance/02_push_test.go:329 @ 02/17/25 11:01:24.685&#xA;[SKIPPED] you have skipped this test; if this is an error, check your environment variable settings:&#xA;&#x9;OCI_TEST_PULL=1&#xA;&#x9;OCI_TEST_PUSH=0&#xA;&#x9;OCI_TEST_CONTENT_DISCOVERY=0&#xA;&#x9;OCI_TEST_CONTENT_MANAGEMENT=0&#xA;In [It] at: /home/zeke/code/oci-distribution-spec/conformance/setup.go:579 @ 02/17/25 11:01:24.685&#xA;&lt; Exit [It] GET nonexistent manifest should return 404 - /home/zeke/code/oci-distribution-spec/conformance/02_push_test.go:329 @ 02/17/25 11:01:24.685 (0s)&#xA;&gt; Enter [ReportAfterEach] TOP-LEVEL - /home/zeke/code/oci-distribution-spec/conformance/00_conformance_suite_test.go:23 @ 02/17/25 11:01:24.685&#xA;&lt; Exit [ReportAfterEach] TOP-LEVEL - /home/zeke/code/oci-distribution-spec/conformance/00_conformance_suite_test.go:23 @ 02/17/25 11:01:24.685 (0s)&#xA;</system-err>
          </testcase>
          <testcase name="OCI Distribution Conformance Tests Push Manifest Upload PUT should accept a manifest upload" classname="conformance tests" status="skipped" time="0.000100441">
              <skipped message="skipped - you have skipped this test; if this is an error, check your environment variable settings:&#xA;&#x9;OCI_TEST_PULL=1&#xA;&#x9;OCI_TEST_PUSH=0&#xA;&#x9;OCI_TEST_CONTENT_DISCOVERY=0&#xA;&#x9;OCI_TEST_CONTENT_MANAGEMENT=0&#xA;"></skipped>
              <system-err>&gt; Enter [It] PUT should accept a manifest upload - /home/zeke/code/oci-distribution-spec/conformance/02_push_test.go:338 @ 02/17/25 11:01:24.685&#xA;[SKIPPED] you have skipped this test; if this is an error, check your environment variable settings:&#xA;&#x9;OCI_TEST_PULL=1&#xA;&#x9;OCI_TEST_PUSH=0&#xA;&#x9;OCI_TEST_CONTENT_DISCOVERY=0&#xA;&#x9;OCI_TEST_CONTENT_MANAGEMENT=0&#xA;In [It] at: /home/zeke/code/oci-distribution-spec/conformance/setup.go:579 @ 02/17/25 11:01:24.685&#xA;&lt; Exit [It] PUT should accept a manifest upload - /home/zeke/code/oci-distribution-spec/conformance/02_push_test.go:338 @ 02/17/25 11:01:24.685 (0s)&#xA;&gt; Enter [ReportAfterEach] TOP-LEVEL - /home/zeke/code/oci-distribution-spec/conformance/00_conformance_suite_test.go:23 @ 02/17/25 11:01:24.685&#xA;&lt; Exit [ReportAfterEach] TOP-LEVEL - /home/zeke/code/oci-distribution-spec/conformance/00_conformance_suite_test.go:23 @ 02/17/25 11:01:24.685 (0s)&#xA;</system-err>
          </testcase>
          <testcase name="OCI Distribution Conformance Tests Push Manifest Upload Registry should accept a manifest upload with no layers" classname="conformance tests" status="skipped" time="0.000103257">
              <skipped message="skipped - you have skipped this test; if this is an error, check your environment variable settings:&#xA;&#x9;OCI_TEST_PULL=1&#xA;&#x9;OCI_TEST_PUSH=0&#xA;&#x9;OCI_TEST_CONTENT_DISCOVERY=0&#xA;&#x9;OCI_TEST_CONTENT_MANAGEMENT=0&#xA;"></skipped>
              <system-err>&gt; Enter [It] Registry should accept a manifest upload with no layers - /home/zeke/code/oci-distribution-spec/conformance/02_push_test.go:354 @ 02/17/25 11:01:24.685&#xA;[SKIPPED] you have skipped this test; if this is an error, check your environment variable settings:&#xA;&#x9;OCI_TEST_PULL=1&#xA;&#x9;OCI_TEST_PUSH=0&#xA;&#x9;OCI_TEST_CONTENT_DISCOVERY=0&#xA;&#x9;OCI_TEST_CONTENT_MANAGEMENT=0&#xA;In [It] at: /home/zeke/code/oci-distribution-spec/conformance/setup.go:579 @ 02/17/25 11:01:24.685&#xA;&lt; Exit [It] Registry should accept a manifest upload with no layers - /home/zeke/code/oci-distribution-spec/conformance/02_push_test.go:354 @ 02/17/25 11:01:24.685 (0s)&#xA;&gt; Enter [ReportAfterEach] TOP-LEVEL - /home/zeke/code/oci-distribution-spec/conformance/00_conformance_suite_test.go:23 @ 02/17/25 11:01:24.685&#xA;&lt; Exit [ReportAfterEach] TOP-LEVEL - /home/zeke/code/oci-distribution-spec/conformance/00_conformance_suite_test.go:23 @ 02/17/25 11:01:24.685 (0s)&#xA;</system-err>
          </testcase>
          <testcase name="OCI Distribution Conformance Tests Push Manifest Upload GET request to manifest URL (digest) should yield 200 response" classname="conformance tests" status="skipped" time="0.000124397">
              <skipped message="skipped - you have skipped this test; if this is an error, check your environment variable settings:&#xA;&#x9;OCI_TEST_PULL=1&#xA;&#x9;OCI_TEST_PUSH=0&#xA;&#x9;OCI_TEST_CONTENT_DISCOVERY=0&#xA;&#x9;OCI_TEST_CONTENT_MANAGEMENT=0&#xA;"></skipped>
              <system-err>&gt; Enter [It] GET request to manifest URL (digest) should yield 200 response - /home/zeke/code/oci-distribution-spec/conformance/02_push_test.go:372 @ 02/17/25 11:01:24.685&#xA;[SKIPPED] you have skipped this test; if this is an error, check your environment variable settings:&#xA;&#x9;OCI_TEST_PULL=1&#xA;&#x9;OCI_TEST_PUSH=0&#xA;&#x9;OCI_TEST_CONTENT_DISCOVERY=0&#xA;&#x9;OCI_TEST_CONTENT_MANAGEMENT=0&#xA;In [It] at: /home/zeke/code/oci-distribution-spec/conformance/setup.go:579 @ 02/17/25 11:01:24.685&#xA;&lt; Exit [It] GET request to manifest URL (digest) should yield 200 response - /home/zeke/code/oci-distribution-spec/conformance/02_push_test.go:372 @ 02/17/25 11:01:24.685 (0s)&#xA;&gt; Enter [ReportAfterEach] TOP-LEVEL - /home/zeke/code/oci-distribution-spec/conformance/00_conformance_suite_test.go:23 @ 02/17/25 11:01:24.685&#xA;&lt; Exit [ReportAfterEach] TOP-LEVEL - /home/zeke/code/oci-distribution-spec/conformance/00_conformance_suite_test.go:23 @ 02/17/25 11:01:24.685 (0s)&#xA;</system-err>
          </testcase>
          <testcase name="OCI Distribution Conformance Tests Push Teardown Delete manifest created in tests" classname="conformance tests" status="skipped" time="0.000124167">
              <skipped message="skipped - you have skipped this test; if this is an error, check your environment variable settings:&#xA;&#x9;OCI_TEST_PULL=1&#xA;&#x9;OCI_TEST_PUSH=0&#xA;&#x9;OCI_TEST_CONTENT_DISCOVERY=0&#xA;&#x9;OCI_TEST_CONTENT_MANAGEMENT=0&#xA;"></skipped>
              <system-err>&gt; Enter [It] Delete manifest created in tests - /home/zeke/code/oci-distribution-spec/conformance/02_push_test.go:384 @ 02/17/25 11:01:24.685&#xA;[SKIPPED] you have skipped this test; if this is an error, check your environment variable settings:&#xA;&#x9;OCI_TEST_PULL=1&#xA;&#x9;OCI_TEST_PUSH=0&#xA;&#x9;OCI_TEST_CONTENT_DISCOVERY=0&#xA;&#x9;OCI_TEST_CONTENT_MANAGEMENT=0&#xA;In [It] at: /home/zeke/code/oci-distribution-spec/conformance/setup.go:579 @ 02/17/25 11:01:24.685&#xA;&lt; Exit [It] Delete manifest created in tests - /home/zeke/code/oci-distribution-spec/conformance/02_push_test.go:384 @ 02/17/25 11:01:24.685 (0s)&#xA;&gt; Enter [ReportAfterEach] TOP-LEVEL - /home/zeke/code/oci-distribution-spec/conformance/00_conformance_suite_test.go:23 @ 02/17/25 11:01:24.685&#xA;&lt; Exit [ReportAfterEach] TOP-LEVEL - /home/zeke/code/oci-distribution-spec/conformance/00_conformance_suite_test.go:23 @ 02/17/25 11:01:24.685 (0s)&#xA;</system-err>
          </testcase>
          <testcase name="OCI Distribution Conformance Tests Push Teardown Delete config blob created in tests" classname="conformance tests" status="skipped" time="7.9852e-05">
              <skipped message="skipped - you have skipped this test; if this is an error, check your environment variable settings:&#xA;&#x9;OCI_TEST_PULL=1&#xA;&#x9;OCI_TEST_PUSH=0&#xA;&#x9;OCI_TEST_CONTENT_DISCOVERY=0&#xA;&#x9;OCI_TEST_CONTENT_MANAGEMENT=0&#xA;"></skipped>
              <system-err>&gt; Enter [It] Delete config blob created in tests - /home/zeke/code/oci-distribution-spec/conformance/02_push_test.go:412 @ 02/17/25 11:01:24.685&#xA;[SKIPPED] you have skipped this test; if this is an error, check your environment variable settings:&#xA;&#x9;OCI_TEST_PULL=1&#xA;&#x9;OCI_TEST_PUSH=0&#xA;&#x9;OCI_TEST_CONTENT_DISCOVERY=0&#xA;&#x9;OCI_TEST_CONTENT_MANAGEMENT=0&#xA;In [It] at: /home/zeke/code/oci-distribution-spec/conformance/setup.go:579 @ 02/17/25 11:01:24.685&#xA;&lt; Exit [It] Delete config blob created in tests - /home/zeke/code/oci-distribution-spec/conformance/02_push_test.go:412 @ 02/17/25 11:01:24.685 (0s)&#xA;&gt; Enter [ReportAfterEach] TOP-LEVEL - /home/zeke/code/oci-distribution-spec/conformance/00_conformance_suite_test.go:23 @ 02/17/25 11:01:24.685&#xA;&lt; Exit [ReportAfterEach] TOP-LEVEL - /home/zeke/code/oci-distribution-spec/conformance/00_conformance_suite_test.go:23 @ 02/17/25 11:01:24.685 (0s)&#xA;</system-err>
          </testcase>
          <testcase name="OCI Distribution Conformance Tests Push Teardown Delete layer blob created in setup" classname="conformance tests" status="skipped" time="0.000112033">
              <skipped message="skipped - you have skipped this test; if this is an error, check your environment variable settings:&#xA;&#x9;OCI_TEST_PULL=1&#xA;&#x9;OCI_TEST_PUSH=0&#xA;&#x9;OCI_TEST_CONTENT_DISCOVERY=0&#xA;&#x9;OCI_TEST_CONTENT_MANAGEMENT=0&#xA;"></skipped>
              <system-err>&gt; Enter [It] Delete layer blob created in setup - /home/zeke/code/oci-distribution-spec/conformance/02_push_test.go:428 @ 02/17/25 11:01:24.685&#xA;[SKIPPED] you have skipped this test; if this is an error, check your environment variable settings:&#xA;&#x9;OCI_TEST_PULL=1&#xA;&#x9;OCI_TEST_PUSH=0&#xA;&#x9;OCI_TEST_CONTENT_DISCOVERY=0&#xA;&#x9;OCI_TEST_CONTENT_MANAGEMENT=0&#xA;In [It] at: /home/zeke/code/oci-distribution-spec/conformance/setup.go:579 @ 02/17/25 11:01:24.686&#xA;&lt; Exit [It] Delete layer blob created in setup - /home/zeke/code/oci-distribution-spec/conformance/02_push_test.go:428 @ 02/17/25 11:01:24.686 (0s)&#xA;&gt; Enter [ReportAfterEach] TOP-LEVEL - /home/zeke/code/oci-distribution-spec/conformance/00_conformance_suite_test.go:23 @ 02/17/25 11:01:24.686&#xA;&lt; Exit [ReportAfterEach] TOP-LEVEL - /home/zeke/code/oci-distribution-spec/conformance/00_conformance_suite_test.go:23 @ 02/17/25 11:01:24.686 (0s)&#xA;</system-err>
          </testcase>
          <testcase name="OCI Distribution Conformance Tests Content Discovery Setup Populate registry with test blob" classname="conformance tests" status="skipped" time="0.000103597">
              <skipped message="skipped - you have skipped this test; if this is an error, check your environment variable settings:&#xA;&#x9;OCI_TEST_CONTENT_DISCOVERY=0&#xA;&#x9;OCI_TEST_CONTENT_MANAGEMENT=0&#xA;&#x9;OCI_TEST_PULL=1&#xA;&#x9;OCI_TEST_PUSH=0&#xA;"></skipped>
              <system-err>&gt; Enter [It] Populate registry with test blob - /home/zeke/code/oci-distribution-spec/conformance/03_discovery_test.go:24 @ 02/17/25 11:01:24.686&#xA;[SKIPPED] you have skipped this test; if this is an error, check your environment variable settings:&#xA;&#x9;OCI_TEST_CONTENT_DISCOVERY=0&#xA;&#x9;OCI_TEST_CONTENT_MANAGEMENT=0&#xA;&#x9;OCI_TEST_PULL=1&#xA;&#x9;OCI_TEST_PUSH=0&#xA;In [It] at: /home/zeke/code/oci-distribution-spec/conformance/setup.go:579 @ 02/17/25 11:01:24.686&#xA;&lt; Exit [It] Populate registry with test blob - /home/zeke/code/oci-distribution-spec/conformance/03_discovery_test.go:24 @ 02/17/25 11:01:24.686 (0s)&#xA;&gt; Enter [ReportAfterEach] TOP-LEVEL - /home/zeke/code/oci-distribution-spec/conformance/00_conformance_suite_test.go:23 @ 02/17/25 11:01:24.686&#xA;&lt; Exit [ReportAfterEach] TOP-LEVEL - /home/zeke/code/oci-distribution-spec/conformance/00_conformance_suite_test.go:23 @ 02/17/25 11:01:24.686 (0s)&#xA;</system-err>
          </testcase>
          <testcase name="OCI Distribution Conformance Tests Content Discovery Setup Populate registry with test layer" classname="conformance tests" status="skipped" time="0.000136761">
              <skipped message="skipped - you have skipped this test; if this is an error, check your environment variable settings:&#xA;&#x9;OCI_TEST_PULL=1&#xA;&#x9;OCI_TEST_PUSH=0&#xA;&#x9;OCI_TEST_CONTENT_DISCOVERY=0&#xA;&#x9;OCI_TEST_CONTENT_MANAGEMENT=0&#xA;"></skipped>
              <system-err>&gt; Enter [It] Populate registry with test layer - /home/zeke/code/oci-distribution-spec/conformance/03_discovery_test.go:42 @ 02/17/25 11:01:24.686&#xA;[SKIPPED] you have skipped this test; if this is an error, check your environment variable settings:&#xA;&#x9;OCI_TEST_PULL=1&#xA;&#x9;OCI_TEST_PUSH=0&#xA;&#x9;OCI_TEST_CONTENT_DISCOVERY=0&#xA;&#x9;OCI_TEST_CONTENT_MANAGEMENT=0&#xA;In [It] at: /home/zeke/code/oci-distribution-spec/conformance/setup.go:579 @ 02/17/25 11:01:24.686&#xA;&lt; Exit [It] Populate registry with test layer - /home/zeke/code/oci-distribution-spec/conformance/03_discovery_test.go:42 @ 02/17/25 11:01:24.686 (0s)&#xA;&gt; Enter [ReportAfterEach] TOP-LEVEL - /home/zeke/code/oci-distribution-spec/conformance/00_conformance_suite_test.go:23 @ 02/17/25 11:01:24.686&#xA;&lt; Exit [ReportAfterEach] TOP-LEVEL - /home/zeke/code/oci-distribution-spec/conformance/00_conformance_suite_test.go:23 @ 02/17/25 11:01:24.686 (0s)&#xA;</system-err>
          </testcase>
          <testcase name="OCI Distribution Conformance Tests Content Discovery Setup Populate registry with test tags" classname="conformance tests" status="skipped" time="0.000126852">
              <skipped message="skipped - you have skipped this test; if this is an error, check your environment variable settings:&#xA;&#x9;OCI_TEST_PULL=1&#xA;&#x9;OCI_TEST_PUSH=0&#xA;&#x9;OCI_TEST_CONTENT_DISCOVERY=0&#xA;&#x9;OCI_TEST_CONTENT_MANAGEMENT=0&#xA;"></skipped>
              <system-err>&gt; Enter [It] Populate registry with test tags - /home/zeke/code/oci-distribution-spec/conformance/03_discovery_test.go:60 @ 02/17/25 11:01:24.686&#xA;[SKIPPED] you have skipped this test; if this is an error, check your environment variable settings:&#xA;&#x9;OCI_TEST_PULL=1&#xA;&#x9;OCI_TEST_PUSH=0&#xA;&#x9;OCI_TEST_CONTENT_DISCOVERY=0&#xA;&#x9;OCI_TEST_CONTENT_MANAGEMENT=0&#xA;In [It] at: /home/zeke/code/oci-distribution-spec/conformance/setup.go:579 @ 02/17/25 11:01:24.686&#xA;&lt; Exit [It] Populate registry with test tags - /home/zeke/code/oci-distribution-spec/conformance/03_discovery_test.go:60 @ 02/17/25 11:01:24.686 (0s)&#xA;&gt; Enter [ReportAfterEach] TOP-LEVEL - /home/zeke/code/oci-distribution-spec/conformance/00_conformance_suite_test.go:23 @ 02/17/25 11:01:24.686&#xA;&lt; Exit [ReportAfterEach] TOP-LEVEL - /home/zeke/code/oci-distribution-spec/conformance/00_conformance_suite_test.go:23 @ 02/17/25 11:01:24.686 (0s)&#xA;</system-err>
          </testcase>
          <testcase name="OCI Distribution Conformance Tests Content Discovery Setup Populate registry with test tags (no push)" classname="conformance tests" status="skipped" time="0.000121121">
              <skipped message="skipped - you have skipped this test; if this is an error, check your environment variable settings:&#xA;&#x9;OCI_TEST_PULL=1&#xA;&#x9;OCI_TEST_PUSH=0&#xA;&#x9;OCI_TEST_CONTENT_DISCOVERY=0&#xA;&#x9;OCI_TEST_CONTENT_MANAGEMENT=0&#xA;"></skipped>
              <system-err>&gt; Enter [It] Populate registry with test tags (no push) - /home/zeke/code/oci-distribution-spec/conformance/03_discovery_test.go:82 @ 02/17/25 11:01:24.686&#xA;[SKIPPED] you have skipped this test; if this is an error, check your environment variable settings:&#xA;&#x9;OCI_TEST_PULL=1&#xA;&#x9;OCI_TEST_PUSH=0&#xA;&#x9;OCI_TEST_CONTENT_DISCOVERY=0&#xA;&#x9;OCI_TEST_CONTENT_MANAGEMENT=0&#xA;In [It] at: /home/zeke/code/oci-distribution-spec/conformance/setup.go:579 @ 02/17/25 11:01:24.686&#xA;&lt; Exit [It] Populate registry with test tags (no push) - /home/zeke/code/oci-distribution-spec/conformance/03_discovery_test.go:82 @ 02/17/25 11:01:24.686 (0s)&#xA;&gt; Enter [ReportAfterEach] TOP-LEVEL - /home/zeke/code/oci-distribution-spec/conformance/00_conformance_suite_test.go:23 @ 02/17/25 11:01:24.686&#xA;&lt; Exit [ReportAfterEach] TOP-LEVEL - /home/zeke/code/oci-distribution-spec/conformance/00_conformance_suite_test.go:23 @ 02/17/25 11:01:24.686 (0s)&#xA;</system-err>
          </testcase>
          <testcase name="OCI Distribution Conformance Tests Content Discovery Setup References setup" classname="conformance tests" status="skipped" time="0.000106403">
              <skipped message="skipped - you have skipped this test; if this is an error, check your environment variable settings:&#xA;&#x9;OCI_TEST_PULL=1&#xA;&#x9;OCI_TEST_PUSH=0&#xA;&#x9;OCI_TEST_CONTENT_DISCOVERY=0&#xA;&#x9;OCI_TEST_CONTENT_MANAGEMENT=0&#xA;"></skipped>
              <system-err>&gt; Enter [It] References setup - /home/zeke/code/oci-distribution-spec/conformance/03_discovery_test.go:88 @ 02/17/25 11:01:24.686&#xA;[SKIPPED] you have skipped this test; if this is an error, check your environment variable settings:&#xA;&#x9;OCI_TEST_PULL=1&#xA;&#x9;OCI_TEST_PUSH=0&#xA;&#x9;OCI_TEST_CONTENT_DISCOVERY=0&#xA;&#x9;OCI_TEST_CONTENT_MANAGEMENT=0&#xA;In [It] at: /home/zeke/code/oci-distribution-spec/conformance/setup.go:579 @ 02/17/25 11:01:24.686&#xA;&lt; Exit [It] References setup - /home/zeke/code/oci-distribution-spec/conformance/03_discovery_test.go:88 @ 02/17/25 11:01:24.686 (0s)&#xA;&gt; Enter [ReportAfterEach] TOP-LEVEL - /home/zeke/code/oci-distribution-spec/conformance/00_conformance_suite_test.go:23 @ 02/17/25 11:01:24.686&#xA;&lt; Exit [ReportAfterEach] TOP-LEVEL - /home/zeke/code/oci-distribution-spec/conformance/00_conformance_suite_test.go:23 @ 02/17/25 11:01:24.686 (0s)&#xA;</system-err>
          </testcase>
          <testcase name="OCI Distribution Conformance Tests Content Discovery Test content discovery endpoints (listing tags) GET request to list tags should yield 200 response" classname="conformance tests" status="skipped" time="8.0724e-05">
              <skipped message="skipped - you have skipped this test; if this is an error, check your environment variable settings:&#xA;&#x9;OCI_TEST_CONTENT_DISCOVERY=0&#xA;&#x9;OCI_TEST_CONTENT_MANAGEMENT=0&#xA;&#x9;OCI_TEST_PULL=1&#xA;&#x9;OCI_TEST_PUSH=0&#xA;"></skipped>
              <system-err>&gt; Enter [It] GET request to list tags should yield 200 response - /home/zeke/code/oci-distribution-spec/conformance/03_discovery_test.go:256 @ 02/17/25 11:01:24.686&#xA;[SKIPPED] you have skipped this test; if this is an error, check your environment variable settings:&#xA;&#x9;OCI_TEST_CONTENT_DISCOVERY=0&#xA;&#x9;OCI_TEST_CONTENT_MANAGEMENT=0&#xA;&#x9;OCI_TEST_PULL=1&#xA;&#x9;OCI_TEST_PUSH=0&#xA;In [It] at: /home/zeke/code/oci-distribution-spec/conformance/setup.go:579 @ 02/17/25 11:01:24.687&#xA;&lt; Exit [It] GET request to list tags should yield 200 response - /home/zeke/code/oci-distribution-spec/conformance/03_discovery_test.go:256 @ 02/17/25 11:01:24.687 (0s)&#xA;&gt; Enter [ReportAfterEach] TOP-LEVEL - /home/zeke/code/oci-distribution-spec/conformance/00_conformance_suite_test.go:23 @ 02/17/25 11:01:24.687&#xA;&lt; Exit [ReportAfterEach] TOP-LEVEL - /home/zeke/code/oci-distribution-spec/conformance/00_conformance_suite_test.go:23 @ 02/17/25 11:01:24.687 (0s)&#xA;</system-err>
          </testcase>
          <testcase name="OCI Distribution Conformance Tests Content Discovery Test content discovery endpoints (listing tags) GET number of tags should be limitable by `n` query parameter" classname="conformance tests" status="skipped" time="0.000103147">
              <skipped message="skipped - you have skipped this test; if this is an error, check your environment variable settings:&#xA;&#x9;OCI_TEST_PULL=1&#xA;&#x9;OCI_TEST_PUSH=0&#xA;&#x9;OCI_TEST_CONTENT_DISCOVERY=0&#xA;&#x9;OCI_TEST_CONTENT_MANAGEMENT=0&#xA;"></skipped>
[...]
          </testcase>
          <testcase name="OCI Distribution Conformance Tests Content Discovery Teardown Delete layer blob created in setup" classname="conformance tests" status="skipped" time="0.00014693">
              <skipped message="skipped - you have skipped this test; if this is an error, check your environment variable settings:&#xA;&#x9;OCI_TEST_CONTENT_MANAGEMENT=0&#xA;&#x9;OCI_TEST_PULL=1&#xA;&#x9;OCI_TEST_PUSH=0&#xA;&#x9;OCI_TEST_CONTENT_DISCOVERY=0&#xA;"></skipped>
              <system-err>&gt; Enter [It] Delete layer blob created in setup - /home/zeke/code/oci-distribution-spec/conformance/03_discovery_test.go:431 @ 02/17/25 11:01:24.689&#xA;[SKIPPED] you have skipped this test; if this is an error, check your environment variable settings:&#xA;&#x9;OCI_TEST_CONTENT_MANAGEMENT=0&#xA;&#x9;OCI_TEST_PULL=1&#xA;&#x9;OCI_TEST_PUSH=0&#xA;&#x9;OCI_TEST_CONTENT_DISCOVERY=0&#xA;In [It] at: /home/zeke/code/oci-distribution-spec/conformance/setup.go:579 @ 02/17/25 11:01:24.689&#xA;&lt; Exit [It] Delete layer blob created in setup - /home/zeke/code/oci-distribution-spec/conformance/03_discovery_test.go:431 @ 02/17/25 11:01:24.689 (0s)&#xA;&gt; Enter [ReportAfterEach] TOP-LEVEL - /home/zeke/code/oci-distribution-spec/conformance/00_conformance_suite_test.go:23 @ 02/17/25 11:01:24.689&#xA;&lt; Exit [ReportAfterEach] TOP-LEVEL - /home/zeke/code/oci-distribution-spec/conformance/00_conformance_suite_test.go:23 @ 02/17/25 11:01:24.689 (0s)&#xA;</system-err>
          </testcase>
          <testcase name="OCI Distribution Conformance Tests Content Discovery Teardown References teardown" classname="conformance tests" status="skipped" time="0.000117043">
              <skipped message="skipped - you have skipped this test; if this is an error, check your environment variable settings:&#xA;&#x9;OCI_TEST_CONTENT_MANAGEMENT=0&#xA;&#x9;OCI_TEST_PULL=1&#xA;&#x9;OCI_TEST_PUSH=0&#xA;&#x9;OCI_TEST_CONTENT_DISCOVERY=0&#xA;"></skipped>
              <system-err>&gt; Enter [It] References teardown - /home/zeke/code/oci-distribution-spec/conformance/03_discovery_test.go:477 @ 02/17/25 11:01:24.689&#xA;[SKIPPED] you have skipped this test; if this is an error, check your environment variable settings:&#xA;&#x9;OCI_TEST_CONTENT_MANAGEMENT=0&#xA;&#x9;OCI_TEST_PULL=1&#xA;&#x9;OCI_TEST_PUSH=0&#xA;&#x9;OCI_TEST_CONTENT_DISCOVERY=0&#xA;In [It] at: /home/zeke/code/oci-distribution-spec/conformance/setup.go:579 @ 02/17/25 11:01:24.689&#xA;&lt; Exit [It] References teardown - /home/zeke/code/oci-distribution-spec/conformance/03_discovery_test.go:477 @ 02/17/25 11:01:24.689 (0s)&#xA;&gt; Enter [ReportAfterEach] TOP-LEVEL - /home/zeke/code/oci-distribution-spec/conformance/00_conformance_suite_test.go:23 @ 02/17/25 11:01:24.689&#xA;&lt; Exit [ReportAfterEach] TOP-LEVEL - /home/zeke/code/oci-distribution-spec/conformance/00_conformance_suite_test.go:23 @ 02/17/25 11:01:24.689 (0s)&#xA;</system-err>
          </testcase>
          <testcase name="OCI Distribution Conformance Tests Content Management Setup Populate registry with test config blob" classname="conformance tests" status="skipped" time="0.000142792">
              <skipped message="skipped - you have skipped this test; if this is an error, check your environment variable settings:&#xA;&#x9;OCI_TEST_PULL=1&#xA;&#x9;OCI_TEST_PUSH=0&#xA;&#x9;OCI_TEST_CONTENT_DISCOVERY=0&#xA;&#x9;OCI_TEST_CONTENT_MANAGEMENT=0&#xA;"></skipped>
              <system-err>&gt; Enter [It] Populate registry with test config blob - /home/zeke/code/oci-distribution-spec/conformance/04_management_test.go:21 @ 02/17/25 11:01:24.689&#xA;[SKIPPED] you have skipped this test; if this is an error, check your environment variable settings:&#xA;&#x9;OCI_TEST_PULL=1&#xA;&#x9;OCI_TEST_PUSH=0&#xA;&#x9;OCI_TEST_CONTENT_DISCOVERY=0&#xA;&#x9;OCI_TEST_CONTENT_MANAGEMENT=0&#xA;In [It] at: /home/zeke/code/oci-distribution-spec/conformance/setup.go:579 @ 02/17/25 11:01:24.689&#xA;&lt; Exit [It] Populate registry with test config blob - /home/zeke/code/oci-distribution-spec/conformance/04_management_test.go:21 @ 02/17/25 11:01:24.689 (0s)&#xA;&gt; Enter [ReportAfterEach] TOP-LEVEL - /home/zeke/code/oci-distribution-spec/conformance/00_conformance_suite_test.go:23 @ 02/17/25 11:01:24.689&#xA;&lt; Exit [ReportAfterEach] TOP-LEVEL - /home/zeke/code/oci-distribution-spec/conformance/00_conformance_suite_test.go:23 @ 02/17/25 11:01:24.689 (0s)&#xA;</system-err>
          </testcase>
          <testcase name="OCI Distribution Conformance Tests Content Management Setup Populate registry with test layer" classname="conformance tests" status="skipped" time="0.000112054">
              <skipped message="skipped - you have skipped this test; if this is an error, check your environment variable settings:&#xA;&#x9;OCI_TEST_PULL=1&#xA;&#x9;OCI_TEST_PUSH=0&#xA;&#x9;OCI_TEST_CONTENT_DISCOVERY=0&#xA;&#x9;OCI_TEST_CONTENT_MANAGEMENT=0&#xA;"></skipped>
              <system-err>&gt; Enter [It] Populate registry with test layer - /home/zeke/code/oci-distribution-spec/conformance/04_management_test.go:39 @ 02/17/25 11:01:24.689&#xA;[SKIPPED] you have skipped this test; if this is an error, check your environment variable settings:&#xA;&#x9;OCI_TEST_PULL=1&#xA;&#x9;OCI_TEST_PUSH=0&#xA;&#x9;OCI_TEST_CONTENT_DISCOVERY=0&#xA;&#x9;OCI_TEST_CONTENT_MANAGEMENT=0&#xA;In [It] at: /home/zeke/code/oci-distribution-spec/conformance/setup.go:579 @ 02/17/25 11:01:24.69&#xA;&lt; Exit [It] Populate registry with test layer - /home/zeke/code/oci-distribution-spec/conformance/04_management_test.go:39 @ 02/17/25 11:01:24.69 (0s)&#xA;&gt; Enter [ReportAfterEach] TOP-LEVEL - /home/zeke/code/oci-distribution-spec/conformance/00_conformance_suite_test.go:23 @ 02/17/25 11:01:24.69&#xA;&lt; Exit [ReportAfterEach] TOP-LEVEL - /home/zeke/code/oci-distribution-spec/conformance/00_conformance_suite_test.go:23 @ 02/17/25 11:01:24.69 (0s)&#xA;</system-err>
          </testcase>
          <testcase name="OCI Distribution Conformance Tests Content Management Setup Populate registry with test tag" classname="conformance tests" status="skipped" time="0.000171357">
              <skipped message="skipped - you have skipped this test; if this is an error, check your environment variable settings:&#xA;&#x9;OCI_TEST_PULL=1&#xA;&#x9;OCI_TEST_PUSH=0&#xA;&#x9;OCI_TEST_CONTENT_DISCOVERY=0&#xA;&#x9;OCI_TEST_CONTENT_MANAGEMENT=0&#xA;"></skipped>
              <system-err>&gt; Enter [It] Populate registry with test tag - /home/zeke/code/oci-distribution-spec/conformance/04_management_test.go:57 @ 02/17/25 11:01:24.69&#xA;[SKIPPED] you have skipped this test; if this is an error, check your environment variable settings:&#xA;&#x9;OCI_TEST_PULL=1&#xA;&#x9;OCI_TEST_PUSH=0&#xA;&#x9;OCI_TEST_CONTENT_DISCOVERY=0&#xA;&#x9;OCI_TEST_CONTENT_MANAGEMENT=0&#xA;In [It] at: /home/zeke/code/oci-distribution-spec/conformance/setup.go:579 @ 02/17/25 11:01:24.69&#xA;&lt; Exit [It] Populate registry with test tag - /home/zeke/code/oci-distribution-spec/conformance/04_management_test.go:57 @ 02/17/25 11:01:24.69 (0s)&#xA;&gt; Enter [ReportAfterEach] TOP-LEVEL - /home/zeke/code/oci-distribution-spec/conformance/00_conformance_suite_test.go:23 @ 02/17/25 11:01:24.69&#xA;&lt; Exit [ReportAfterEach] TOP-LEVEL - /home/zeke/code/oci-distribution-spec/conformance/00_conformance_suite_test.go:23 @ 02/17/25 11:01:24.69 (0s)&#xA;</system-err>
          </testcase>
          <testcase name="OCI Distribution Conformance Tests Content Management Setup Check how many tags there are before anything gets deleted" classname="conformance tests" status="skipped" time="0.000123015">
              <skipped message="skipped - you have skipped this test; if this is an error, check your environment variable settings:&#xA;&#x9;OCI_TEST_PULL=1&#xA;&#x9;OCI_TEST_PUSH=0&#xA;&#x9;OCI_TEST_CONTENT_DISCOVERY=0&#xA;&#x9;OCI_TEST_CONTENT_MANAGEMENT=0&#xA;"></skipped>
              <system-err>&gt; Enter [It] Check how many tags there are before anything gets deleted - /home/zeke/code/oci-distribution-spec/conformance/04_management_test.go:72 @ 02/17/25 11:01:24.69&#xA;[SKIPPED] you have skipped this test; if this is an error, check your environment variable settings:&#xA;&#x9;OCI_TEST_PULL=1&#xA;&#x9;OCI_TEST_PUSH=0&#xA;&#x9;OCI_TEST_CONTENT_DISCOVERY=0&#xA;&#x9;OCI_TEST_CONTENT_MANAGEMENT=0&#xA;In [It] at: /home/zeke/code/oci-distribution-spec/conformance/setup.go:579 @ 02/17/25 11:01:24.69&#xA;&lt; Exit [It] Check how many tags there are before anything gets deleted - /home/zeke/code/oci-distribution-spec/conformance/04_management_test.go:72 @ 02/17/25 11:01:24.69 (0s)&#xA;&gt; Enter [ReportAfterEach] TOP-LEVEL - /home/zeke/code/oci-distribution-spec/conformance/00_conformance_suite_test.go:23 @ 02/17/25 11:01:24.69&#xA;&lt; Exit [ReportAfterEach] TOP-LEVEL - /home/zeke/code/oci-distribution-spec/conformance/00_conformance_suite_test.go:23 @ 02/17/25 11:01:24.69 (0s)&#xA;</system-err>
          </testcase>
          <testcase name="OCI Distribution Conformance Tests Content Management Manifest delete DELETE request to manifest tag should return 202, unless tag deletion is disallowed (400/405)" classname="conformance tests" status="skipped" time="0.000187778">
              <skipped message="skipped - you have skipped this test; if this is an error, check your environment variable settings:&#xA;&#x9;OCI_TEST_PUSH=0&#xA;&#x9;OCI_TEST_CONTENT_DISCOVERY=0&#xA;&#x9;OCI_TEST_CONTENT_MANAGEMENT=0&#xA;&#x9;OCI_TEST_PULL=1&#xA;"></skipped>
              <system-err>&gt; Enter [It] DELETE request to manifest tag should return 202, unless tag deletion is disallowed (400/405) - /home/zeke/code/oci-distribution-spec/conformance/04_management_test.go:88 @ 02/17/25 11:01:24.69&#xA;[SKIPPED] you have skipped this test; if this is an error, check your environment variable settings:&#xA;&#x9;OCI_TEST_PUSH=0&#xA;&#x9;OCI_TEST_CONTENT_DISCOVERY=0&#xA;&#x9;OCI_TEST_CONTENT_MANAGEMENT=0&#xA;&#x9;OCI_TEST_PULL=1&#xA;In [It] at: /home/zeke/code/oci-distribution-spec/conformance/setup.go:579 @ 02/17/25 11:01:24.69&#xA;&lt; Exit [It] DELETE request to manifest tag should return 202, unless tag deletion is disallowed (400/405) - /home/zeke/code/oci-distribution-spec/conformance/04_management_test.go:88 @ 02/17/25 11:01:24.69 (0s)&#xA;&gt; Enter [ReportAfterEach] TOP-LEVEL - /home/zeke/code/oci-distribution-spec/conformance/00_conformance_suite_test.go:23 @ 02/17/25 11:01:24.69&#xA;&lt; Exit [ReportAfterEach] TOP-LEVEL - /home/zeke/code/oci-distribution-spec/conformance/00_conformance_suite_test.go:23 @ 02/17/25 11:01:24.69 (0s)&#xA;</system-err>
          </testcase>
          <testcase name="OCI Distribution Conformance Tests Content Management Manifest delete DELETE request to manifest (digest) should yield 202 response unless already deleted" classname="conformance tests" status="skipped" time="0.000127533">
              <skipped message="skipped - you have skipped this test; if this is an error, check your environment variable settings:&#xA;&#x9;OCI_TEST_PULL=1&#xA;&#x9;OCI_TEST_PUSH=0&#xA;&#x9;OCI_TEST_CONTENT_DISCOVERY=0&#xA;&#x9;OCI_TEST_CONTENT_MANAGEMENT=0&#xA;"></skipped>
              <system-err>&gt; Enter [It] DELETE request to manifest (digest) should yield 202 response unless already deleted - /home/zeke/code/oci-distribution-spec/conformance/04_management_test.go:106 @ 02/17/25 11:01:24.69&#xA;[SKIPPED] you have skipped this test; if this is an error, check your environment variable settings:&#xA;&#x9;OCI_TEST_PULL=1&#xA;&#x9;OCI_TEST_PUSH=0&#xA;&#x9;OCI_TEST_CONTENT_DISCOVERY=0&#xA;&#x9;OCI_TEST_CONTENT_MANAGEMENT=0&#xA;In [It] at: /home/zeke/code/oci-distribution-spec/conformance/setup.go:579 @ 02/17/25 11:01:24.69&#xA;&lt; Exit [It] DELETE request to manifest (digest) should yield 202 response unless already deleted - /home/zeke/code/oci-distribution-spec/conformance/04_management_test.go:106 @ 02/17/25 11:01:24.69 (0s)&#xA;&gt; Enter [ReportAfterEach] TOP-LEVEL - /home/zeke/code/oci-distribution-spec/conformance/00_conformance_suite_test.go:23 @ 02/17/25 11:01:24.69&#xA;&lt; Exit [ReportAfterEach] TOP-LEVEL - /home/zeke/code/oci-distribution-spec/conformance/00_conformance_suite_test.go:23 @ 02/17/25 11:01:24.69 (0s)&#xA;</system-err>
          </testcase>
          <testcase name="OCI Distribution Conformance Tests Content Management Manifest delete GET request to deleted manifest URL should yield 404 response, unless delete is disallowed" classname="conformance tests" status="skipped" time="0.000137923">
              <skipped message="skipped - you have skipped this test; if this is an error, check your environment variable settings:&#xA;&#x9;OCI_TEST_PULL=1&#xA;&#x9;OCI_TEST_PUSH=0&#xA;&#x9;OCI_TEST_CONTENT_DISCOVERY=0&#xA;&#x9;OCI_TEST_CONTENT_MANAGEMENT=0&#xA;"></skipped>
              <system-err>&gt; Enter [It] GET request to deleted manifest URL should yield 404 response, unless delete is disallowed - /home/zeke/code/oci-distribution-spec/conformance/04_management_test.go:118 @ 02/17/25 11:01:24.69&#xA;[SKIPPED] you have skipped this test; if this is an error, check your environment variable settings:&#xA;&#x9;OCI_TEST_PULL=1&#xA;&#x9;OCI_TEST_PUSH=0&#xA;&#x9;OCI_TEST_CONTENT_DISCOVERY=0&#xA;&#x9;OCI_TEST_CONTENT_MANAGEMENT=0&#xA;In [It] at: /home/zeke/code/oci-distribution-spec/conformance/setup.go:579 @ 02/17/25 11:01:24.691&#xA;&lt; Exit [It] GET request to deleted manifest URL should yield 404 response, unless delete is disallowed - /home/zeke/code/oci-distribution-spec/conformance/04_management_test.go:118 @ 02/17/25 11:01:24.691 (0s)&#xA;&gt; Enter [ReportAfterEach] TOP-LEVEL - /home/zeke/code/oci-distribution-spec/conformance/00_conformance_suite_test.go:23 @ 02/17/25 11:01:24.691&#xA;&lt; Exit [ReportAfterEach] TOP-LEVEL - /home/zeke/code/oci-distribution-spec/conformance/00_conformance_suite_test.go:23 @ 02/17/25 11:01:24.691 (0s)&#xA;</system-err>
          </testcase>
          <testcase name="OCI Distribution Conformance Tests Content Management Manifest delete GET request to tags list should reflect manifest deletion" classname="conformance tests" status="skipped" time="9.1595e-05">
              <skipped message="skipped - you have skipped this test; if this is an error, check your environment variable settings:&#xA;&#x9;OCI_TEST_PULL=1&#xA;&#x9;OCI_TEST_PUSH=0&#xA;&#x9;OCI_TEST_CONTENT_DISCOVERY=0&#xA;&#x9;OCI_TEST_CONTENT_MANAGEMENT=0&#xA;"></skipped>
              <system-err>&gt; Enter [It] GET request to tags list should reflect manifest deletion - /home/zeke/code/oci-distribution-spec/conformance/04_management_test.go:129 @ 02/17/25 11:01:24.691&#xA;[SKIPPED] you have skipped this test; if this is an error, check your environment variable settings:&#xA;&#x9;OCI_TEST_PULL=1&#xA;&#x9;OCI_TEST_PUSH=0&#xA;&#x9;OCI_TEST_CONTENT_DISCOVERY=0&#xA;&#x9;OCI_TEST_CONTENT_MANAGEMENT=0&#xA;In [It] at: /home/zeke/code/oci-distribution-spec/conformance/setup.go:579 @ 02/17/25 11:01:24.691&#xA;&lt; Exit [It] GET request to tags list should reflect manifest deletion - /home/zeke/code/oci-distribution-spec/conformance/04_management_test.go:129 @ 02/17/25 11:01:24.691 (0s)&#xA;&gt; Enter [ReportAfterEach] TOP-LEVEL - /home/zeke/code/oci-distribution-spec/conformance/00_conformance_suite_test.go:23 @ 02/17/25 11:01:24.691&#xA;&lt; Exit [ReportAfterEach] TOP-LEVEL - /home/zeke/code/oci-distribution-spec/conformance/00_conformance_suite_test.go:23 @ 02/17/25 11:01:24.691 (0s)&#xA;</system-err>
          </testcase>
          <testcase name="OCI Distribution Conformance Tests Content Management Blob delete DELETE request to blob URL should yield 202 response" classname="conformance tests" status="skipped" time="0.000118686">
              <skipped message="skipped - you have skipped this test; if this is an error, check your environment variable settings:&#xA;&#x9;OCI_TEST_PULL=1&#xA;&#x9;OCI_TEST_PUSH=0&#xA;&#x9;OCI_TEST_CONTENT_DISCOVERY=0&#xA;&#x9;OCI_TEST_CONTENT_MANAGEMENT=0&#xA;"></skipped>
              <system-err>&gt; Enter [It] DELETE request to blob URL should yield 202 response - /home/zeke/code/oci-distribution-spec/conformance/04_management_test.go:153 @ 02/17/25 11:01:24.691&#xA;[SKIPPED] you have skipped this test; if this is an error, check your environment variable settings:&#xA;&#x9;OCI_TEST_PULL=1&#xA;&#x9;OCI_TEST_PUSH=0&#xA;&#x9;OCI_TEST_CONTENT_DISCOVERY=0&#xA;&#x9;OCI_TEST_CONTENT_MANAGEMENT=0&#xA;In [It] at: /home/zeke/code/oci-distribution-spec/conformance/setup.go:579 @ 02/17/25 11:01:24.691&#xA;&lt; Exit [It] DELETE request to blob URL should yield 202 response - /home/zeke/code/oci-distribution-spec/conformance/04_management_test.go:153 @ 02/17/25 11:01:24.691 (0s)&#xA;&gt; Enter [ReportAfterEach] TOP-LEVEL - /home/zeke/code/oci-distribution-spec/conformance/00_conformance_suite_test.go:23 @ 02/17/25 11:01:24.691&#xA;&lt; Exit [ReportAfterEach] TOP-LEVEL - /home/zeke/code/oci-distribution-spec/conformance/00_conformance_suite_test.go:23 @ 02/17/25 11:01:24.691 (0s)&#xA;</system-err>
          </testcase>
          <testcase name="OCI Distribution Conformance Tests Content Management Blob delete GET request to deleted blob URL should yield 404 response" classname="conformance tests" status="skipped" time="0.000132633">
              <skipped message="skipped - you have skipped this test; if this is an error, check your environment variable settings:&#xA;&#x9;OCI_TEST_PULL=1&#xA;&#x9;OCI_TEST_PUSH=0&#xA;&#x9;OCI_TEST_CONTENT_DISCOVERY=0&#xA;&#x9;OCI_TEST_CONTENT_MANAGEMENT=0&#xA;"></skipped>
              <system-err>&gt; Enter [It] GET request to deleted blob URL should yield 404 response - /home/zeke/code/oci-distribution-spec/conformance/04_management_test.go:180 @ 02/17/25 11:01:24.691&#xA;[SKIPPED] you have skipped this test; if this is an error, check your environment variable settings:&#xA;&#x9;OCI_TEST_PULL=1&#xA;&#x9;OCI_TEST_PUSH=0&#xA;&#x9;OCI_TEST_CONTENT_DISCOVERY=0&#xA;&#x9;OCI_TEST_CONTENT_MANAGEMENT=0&#xA;In [It] at: /home/zeke/code/oci-distribution-spec/conformance/setup.go:579 @ 02/17/25 11:01:24.691&#xA;&lt; Exit [It] GET request to deleted blob URL should yield 404 response - /home/zeke/code/oci-distribution-spec/conformance/04_management_test.go:180 @ 02/17/25 11:01:24.691 (0s)&#xA;&gt; Enter [ReportAfterEach] TOP-LEVEL - /home/zeke/code/oci-distribution-spec/conformance/00_conformance_suite_test.go:23 @ 02/17/25 11:01:24.691&#xA;&lt; Exit [ReportAfterEach] TOP-LEVEL - /home/zeke/code/oci-distribution-spec/conformance/00_conformance_suite_test.go:23 @ 02/17/25 11:01:24.691 (0s)&#xA;</system-err>
          </testcase>
          <testcase name="html custom reporter" classname="conformance tests" status="passed" time="0.006338946">
              <system-err>&gt; Enter [ReportAfterSuite] TOP-LEVEL - /home/zeke/code/oci-distribution-spec/conformance/00_conformance_suite_test.go:24 @ 02/17/25 11:01:24.691&#xA;&lt; Exit [ReportAfterSuite] TOP-LEVEL - /home/zeke/code/oci-distribution-spec/conformance/00_conformance_suite_test.go:24 @ 02/17/25 11:01:24.698 (6ms)&#xA;</system-err>
          </testcase>
      </testsuite>
  </testsuites>